[2026-05-26T17:24:14.311+0000] {manager.py:470} INFO - Processing files using up to 2 processes at a time 
[2026-05-26T17:24:14.313+0000] {manager.py:471} INFO - Process each file at most once every 30 seconds
[2026-05-26T17:24:14.313+0000] {manager.py:472} INFO - Checking for new files in /opt/airflow/dags every 300 seconds
[2026-05-26T17:24:14.314+0000] {manager.py:737} INFO - Searching for files in /opt/airflow/dags
[2026-05-26T17:24:14.315+0000] {manager.py:740} INFO - There are 0 files in /opt/airflow/dags
[2026-05-26T17:29:14.958+0000] {manager.py:737} INFO - Searching for files in /opt/airflow/dags
[2026-05-26T17:29:15.014+0000] {manager.py:740} INFO - There are 0 files in /opt/airflow/dags
[2026-05-26T17:34:15.314+0000] {manager.py:737} INFO - Searching for files in /opt/airflow/dags
[2026-05-26T17:34:15.333+0000] {manager.py:740} INFO - There are 0 files in /opt/airflow/dags
[2026-05-26T18:41:01.760+0000] {manager.py:737} INFO - Searching for files in /opt/airflow/dags
[2026-05-26T18:41:01.783+0000] {manager.py:740} INFO - There are 0 files in /opt/airflow/dags
[2026-05-26T19:38:01.334+0000] {manager.py:737} INFO - Searching for files in /opt/airflow/dags
[2026-05-26T19:38:01.337+0000] {manager.py:740} INFO - There are 0 files in /opt/airflow/dags
[2026-05-26T21:00:19.509+0000] {manager.py:737} INFO - Searching for files in /opt/airflow/dags
[2026-05-26T21:00:19.518+0000] {manager.py:740} INFO - There are 0 files in /opt/airflow/dags
[2026-05-26T22:41:13.506+0000] {manager.py:737} INFO - Searching for files in /opt/airflow/dags
[2026-05-26T22:41:13.508+0000] {manager.py:740} INFO - There are 0 files in /opt/airflow/dags
[2026-05-26T23:36:34.311+0000] {manager.py:737} INFO - Searching for files in /opt/airflow/dags
[2026-05-26T23:36:34.313+0000] {manager.py:740} INFO - There are 0 files in /opt/airflow/dags
[2026-05-27T01:00:13.348+0000] {manager.py:737} INFO - Searching for files in /opt/airflow/dags
[2026-05-27T01:00:13.356+0000] {manager.py:740} INFO - There are 0 files in /opt/airflow/dags
[2026-05-27T01:37:40.527+0000] {manager.py:737} INFO - Searching for files in /opt/airflow/dags
[2026-05-27T01:37:40.531+0000] {manager.py:740} INFO - There are 0 files in /opt/airflow/dags
[2026-05-27T01:43:02.725+0000] {manager.py:737} INFO - Searching for files in /opt/airflow/dags
[2026-05-27T01:43:02.738+0000] {manager.py:740} INFO - There are 0 files in /opt/airflow/dags
[2026-05-27T02:38:35.574+0000] {manager.py:737} INFO - Searching for files in /opt/airflow/dags
[2026-05-27T02:38:35.577+0000] {manager.py:740} INFO - There are 0 files in /opt/airflow/dags
[2026-05-27T03:29:23.527+0000] {manager.py:737} INFO - Searching for files in /opt/airflow/dags
[2026-05-27T03:29:23.531+0000] {manager.py:740} INFO - There are 0 files in /opt/airflow/dags
[2026-05-27T03:39:50.660+0000] {manager.py:737} INFO - Searching for files in /opt/airflow/dags
[2026-05-27T03:39:50.664+0000] {manager.py:740} INFO - There are 0 files in /opt/airflow/dags
[2026-05-27T04:30:00.833+0000] {manager.py:737} INFO - Searching for files in /opt/airflow/dags
[2026-05-27T04:30:00.838+0000] {manager.py:740} INFO - There are 0 files in /opt/airflow/dags
[2026-05-27T04:40:48.012+0000] {manager.py:737} INFO - Searching for files in /opt/airflow/dags
[2026-05-27T04:40:48.015+0000] {manager.py:740} INFO - There are 0 files in /opt/airflow/dags
[2026-05-27T05:29:48.495+0000] {manager.py:737} INFO - Searching for files in /opt/airflow/dags
[2026-05-27T05:29:48.497+0000] {manager.py:740} INFO - There are 0 files in /opt/airflow/dags
[2026-05-27T05:41:49.688+0000] {manager.py:737} INFO - Searching for files in /opt/airflow/dags
[2026-05-27T05:41:49.694+0000] {manager.py:740} INFO - There are 0 files in /opt/airflow/dags
[2026-05-27T06:42:36.816+0000] {manager.py:737} INFO - Searching for files in /opt/airflow/dags
[2026-05-27T06:42:36.819+0000] {manager.py:740} INFO - There are 0 files in /opt/airflow/dags
[2026-05-27T06:50:37.902+0000] {manager.py:737} INFO - Searching for files in /opt/airflow/dags
[2026-05-27T06:50:37.919+0000] {manager.py:740} INFO - There are 0 files in /opt/airflow/dags
[2026-05-27T06:55:38.793+0000] {manager.py:737} INFO - Searching for files in /opt/airflow/dags
[2026-05-27T06:55:38.818+0000] {manager.py:740} INFO - There are 0 files in /opt/airflow/dags
[2026-05-27T07:00:39.018+0000] {manager.py:737} INFO - Searching for files in /opt/airflow/dags
[2026-05-27T07:00:39.058+0000] {manager.py:740} INFO - There are 0 files in /opt/airflow/dags
[2026-05-27T07:05:39.629+0000] {manager.py:737} INFO - Searching for files in /opt/airflow/dags
[2026-05-27T07:05:39.709+0000] {manager.py:740} INFO - There are 0 files in /opt/airflow/dags
[2026-05-27T07:28:20.768+0000] {manager.py:470} INFO - Processing files using up to 2 processes at a time 
[2026-05-27T07:28:20.769+0000] {manager.py:471} INFO - Process each file at most once every 30 seconds
[2026-05-27T07:28:20.770+0000] {manager.py:472} INFO - Checking for new files in /opt/airflow/dags every 300 seconds
[2026-05-27T07:28:20.772+0000] {manager.py:737} INFO - Searching for files in /opt/airflow/dags
[2026-05-27T07:28:20.778+0000] {manager.py:740} INFO - There are 0 files in /opt/airflow/dags
[2026-05-27T07:33:20.810+0000] {manager.py:737} INFO - Searching for files in /opt/airflow/dags
[2026-05-27T07:33:20.859+0000] {manager.py:740} INFO - There are 0 files in /opt/airflow/dags
[2026-05-27T07:38:20.893+0000] {manager.py:737} INFO - Searching for files in /opt/airflow/dags
[2026-05-27T07:38:20.908+0000] {manager.py:740} INFO - There are 0 files in /opt/airflow/dags
[2026-05-27T07:43:21.475+0000] {manager.py:737} INFO - Searching for files in /opt/airflow/dags
[2026-05-27T07:43:21.490+0000] {manager.py:740} INFO - There are 0 files in /opt/airflow/dags
[2026-05-27T07:48:21.780+0000] {manager.py:737} INFO - Searching for files in /opt/airflow/dags
[2026-05-27T07:48:21.800+0000] {manager.py:740} INFO - There are 0 files in /opt/airflow/dags
[2026-05-27T07:53:21.841+0000] {manager.py:737} INFO - Searching for files in /opt/airflow/dags
[2026-05-27T07:53:21.855+0000] {manager.py:740} INFO - There are 0 files in /opt/airflow/dags
[2026-05-27T07:58:22.311+0000] {manager.py:737} INFO - Searching for files in /opt/airflow/dags
[2026-05-27T07:58:22.325+0000] {manager.py:740} INFO - There are 0 files in /opt/airflow/dags
[2026-05-27T08:03:23.013+0000] {manager.py:737} INFO - Searching for files in /opt/airflow/dags
[2026-05-27T08:03:23.025+0000] {manager.py:740} INFO - There are 0 files in /opt/airflow/dags
[2026-05-27T08:08:23.120+0000] {manager.py:737} INFO - Searching for files in /opt/airflow/dags
[2026-05-27T08:08:23.133+0000] {manager.py:740} INFO - There are 0 files in /opt/airflow/dags
[2026-05-27T08:13:23.142+0000] {manager.py:737} INFO - Searching for files in /opt/airflow/dags
[2026-05-27T08:13:23.165+0000] {manager.py:740} INFO - There are 1 files in /opt/airflow/dags
[2026-05-27T08:13:49.251+0000] {manager.py:878} INFO - 
================================================================================
DAG File Processing Stats

File Path                  PID    Runtime      # DAGs    # Errors  Last Runtime    Last Run
-------------------------  -----  ---------  --------  ----------  --------------  -------------------
/opt/airflow/dags/main.py                           1           0  0.71s           2026-05-27T08:13:23
================================================================================
[2026-05-27T08:14:19.652+0000] {manager.py:878} INFO - 
================================================================================
DAG File Processing Stats

File Path                  PID    Runtime      # DAGs    # Errors  Last Runtime    Last Run
-------------------------  -----  ---------  --------  ----------  --------------  -------------------
/opt/airflow/dags/main.py                           1           0  0.17s           2026-05-27T08:13:54
================================================================================
[2026-05-27T08:14:50.093+0000] {manager.py:878} INFO - 
================================================================================
DAG File Processing Stats

File Path                  PID    Runtime      # DAGs    # Errors  Last Runtime    Last Run
-------------------------  -----  ---------  --------  ----------  --------------  -------------------
/opt/airflow/dags/main.py                           1           0  0.17s           2026-05-27T08:14:24
================================================================================
[2026-05-27T08:15:20.507+0000] {manager.py:878} INFO - 
================================================================================
DAG File Processing Stats

File Path                  PID    Runtime      # DAGs    # Errors  Last Runtime    Last Run
-------------------------  -----  ---------  --------  ----------  --------------  -------------------
/opt/airflow/dags/main.py                           1           0  0.15s           2026-05-27T08:14:55
================================================================================
[2026-05-27T08:15:51.023+0000] {manager.py:878} INFO - 
================================================================================
DAG File Processing Stats

File Path                  PID    Runtime      # DAGs    # Errors  Last Runtime    Last Run
-------------------------  -----  ---------  --------  ----------  --------------  -------------------
/opt/airflow/dags/main.py                           1           0  0.17s           2026-05-27T08:15:25
================================================================================
[2026-05-27T08:16:21.465+0000] {manager.py:878} INFO - 
================================================================================
DAG File Processing Stats

File Path                  PID    Runtime      # DAGs    # Errors  Last Runtime    Last Run
-------------------------  -----  ---------  --------  ----------  --------------  -------------------
/opt/airflow/dags/main.py                           1           0  0.21s           2026-05-27T08:15:56
================================================================================
[2026-05-27T08:16:52.045+0000] {manager.py:878} INFO - 
================================================================================
DAG File Processing Stats

File Path                  PID    Runtime      # DAGs    # Errors  Last Runtime    Last Run
-------------------------  -----  ---------  --------  ----------  --------------  -------------------
/opt/airflow/dags/main.py                           1           0  0.18s           2026-05-27T08:16:26
================================================================================
[2026-05-27T08:17:55.189+0000] {manager.py:878} INFO - 
================================================================================
DAG File Processing Stats

File Path                  PID    Runtime      # DAGs    # Errors  Last Runtime    Last Run
-------------------------  -----  ---------  --------  ----------  --------------  -------------------
/opt/airflow/dags/main.py                           1           0  0.23s           2026-05-27T08:17:33
================================================================================
[2026-05-27T08:18:23.618+0000] {manager.py:737} INFO - Searching for files in /opt/airflow/dags
[2026-05-27T08:18:23.629+0000] {manager.py:740} INFO - There are 1 files in /opt/airflow/dags
[2026-05-27T08:18:25.665+0000] {manager.py:878} INFO - 
================================================================================
DAG File Processing Stats

File Path                  PID    Runtime      # DAGs    # Errors  Last Runtime    Last Run
-------------------------  -----  ---------  --------  ----------  --------------  -------------------
/opt/airflow/dags/main.py                           1           0  0.23s           2026-05-27T08:18:04
================================================================================
[2026-05-27T08:18:56.106+0000] {manager.py:878} INFO - 
================================================================================
DAG File Processing Stats

File Path                  PID    Runtime      # DAGs    # Errors  Last Runtime    Last Run
-------------------------  -----  ---------  --------  ----------  --------------  -------------------
/opt/airflow/dags/main.py                           1           0  0.20s           2026-05-27T08:18:34
================================================================================
[2026-05-27T08:19:26.772+0000] {manager.py:878} INFO - 
================================================================================
DAG File Processing Stats

File Path                  PID    Runtime      # DAGs    # Errors  Last Runtime    Last Run
-------------------------  -----  ---------  --------  ----------  --------------  -------------------
/opt/airflow/dags/main.py                           1           0  0.17s           2026-05-27T08:19:03
================================================================================
[2026-05-27T08:19:57.284+0000] {manager.py:878} INFO - 
================================================================================
DAG File Processing Stats

File Path                  PID    Runtime      # DAGs    # Errors  Last Runtime    Last Run
-------------------------  -----  ---------  --------  ----------  --------------  -------------------
/opt/airflow/dags/main.py                           1           0  0.22s           2026-05-27T08:19:34
================================================================================
[2026-05-27T08:20:27.892+0000] {manager.py:878} INFO - 
================================================================================
DAG File Processing Stats

File Path                  PID    Runtime      # DAGs    # Errors  Last Runtime    Last Run
-------------------------  -----  ---------  --------  ----------  --------------  -------------------
/opt/airflow/dags/main.py                           1           0  0.16s           2026-05-27T08:20:04
================================================================================
[2026-05-27T08:20:58.530+0000] {manager.py:878} INFO - 
================================================================================
DAG File Processing Stats

File Path                  PID    Runtime      # DAGs    # Errors  Last Runtime    Last Run
-------------------------  -----  ---------  --------  ----------  --------------  -------------------
/opt/airflow/dags/main.py                           1           0  0.28s           2026-05-27T08:20:35
================================================================================
[2026-05-27T08:21:29.013+0000] {manager.py:878} INFO - 
================================================================================
DAG File Processing Stats

File Path                  PID    Runtime      # DAGs    # Errors  Last Runtime    Last Run
-------------------------  -----  ---------  --------  ----------  --------------  -------------------
/opt/airflow/dags/main.py                           1           0  0.14s           2026-05-27T08:21:05
================================================================================
[2026-05-27T08:21:59.441+0000] {manager.py:878} INFO - 
================================================================================
DAG File Processing Stats

File Path                  PID    Runtime      # DAGs    # Errors  Last Runtime    Last Run
-------------------------  -----  ---------  --------  ----------  --------------  -------------------
/opt/airflow/dags/main.py                           1           0  0.24s           2026-05-27T08:21:36
================================================================================
[2026-05-27T08:22:29.804+0000] {manager.py:878} INFO - 
================================================================================
DAG File Processing Stats

File Path                  PID    Runtime      # DAGs    # Errors  Last Runtime    Last Run
-------------------------  -----  ---------  --------  ----------  --------------  -------------------
/opt/airflow/dags/main.py                           1           0  0.15s           2026-05-27T08:22:06
================================================================================
[2026-05-27T08:23:00.389+0000] {manager.py:878} INFO - 
================================================================================
DAG File Processing Stats

File Path                  PID    Runtime      # DAGs    # Errors  Last Runtime    Last Run
-------------------------  -----  ---------  --------  ----------  --------------  -------------------
/opt/airflow/dags/main.py                           1           0  0.19s           2026-05-27T08:22:37
================================================================================
[2026-05-27T08:23:23.777+0000] {manager.py:737} INFO - Searching for files in /opt/airflow/dags
[2026-05-27T08:23:23.793+0000] {manager.py:740} INFO - There are 1 files in /opt/airflow/dags
[2026-05-27T08:23:30.891+0000] {manager.py:878} INFO - 
================================================================================
DAG File Processing Stats

File Path                  PID    Runtime      # DAGs    # Errors  Last Runtime    Last Run
-------------------------  -----  ---------  --------  ----------  --------------  -------------------
/opt/airflow/dags/main.py                           1           0  0.17s           2026-05-27T08:23:07
================================================================================
[2026-05-27T08:24:01.362+0000] {manager.py:878} INFO - 
================================================================================
DAG File Processing Stats

File Path                  PID    Runtime      # DAGs    # Errors  Last Runtime    Last Run
-------------------------  -----  ---------  --------  ----------  --------------  -------------------
/opt/airflow/dags/main.py                           1           0  0.21s           2026-05-27T08:23:38
================================================================================
[2026-05-27T08:24:31.756+0000] {manager.py:878} INFO - 
================================================================================
DAG File Processing Stats

File Path                  PID    Runtime      # DAGs    # Errors  Last Runtime    Last Run
-------------------------  -----  ---------  --------  ----------  --------------  -------------------
/opt/airflow/dags/main.py                           1           0  0.17s           2026-05-27T08:24:08
================================================================================
[2026-05-27T08:25:02.191+0000] {manager.py:878} INFO - 
================================================================================
DAG File Processing Stats

File Path                  PID    Runtime      # DAGs    # Errors  Last Runtime    Last Run
-------------------------  -----  ---------  --------  ----------  --------------  -------------------
/opt/airflow/dags/main.py                           1           0  0.17s           2026-05-27T08:24:39
================================================================================
[2026-05-27T08:25:32.564+0000] {manager.py:878} INFO - 
================================================================================
DAG File Processing Stats

File Path                  PID    Runtime      # DAGs    # Errors  Last Runtime    Last Run
-------------------------  -----  ---------  --------  ----------  --------------  -------------------
/opt/airflow/dags/main.py                           1           0  0.17s           2026-05-27T08:25:09
================================================================================
[2026-05-27T08:26:03.020+0000] {manager.py:878} INFO - 
================================================================================
DAG File Processing Stats

File Path                  PID    Runtime      # DAGs    # Errors  Last Runtime    Last Run
-------------------------  -----  ---------  --------  ----------  --------------  -------------------
/opt/airflow/dags/main.py                           1           0  0.22s           2026-05-27T08:25:39
================================================================================
[2026-05-27T08:26:33.426+0000] {manager.py:878} INFO - 
================================================================================
DAG File Processing Stats

File Path                  PID    Runtime      # DAGs    # Errors  Last Runtime    Last Run
-------------------------  -----  ---------  --------  ----------  --------------  -------------------
/opt/airflow/dags/main.py                           1           0  0.19s           2026-05-27T08:26:10
================================================================================
[2026-05-27T08:27:03.916+0000] {manager.py:878} INFO - 
================================================================================
DAG File Processing Stats

File Path                  PID    Runtime      # DAGs    # Errors  Last Runtime    Last Run
-------------------------  -----  ---------  --------  ----------  --------------  -------------------
/opt/airflow/dags/main.py                           1           0  0.18s           2026-05-27T08:26:40
================================================================================
[2026-05-27T08:27:34.436+0000] {manager.py:878} INFO - 
================================================================================
DAG File Processing Stats

File Path                  PID    Runtime      # DAGs    # Errors  Last Runtime    Last Run
-------------------------  -----  ---------  --------  ----------  --------------  -------------------
/opt/airflow/dags/main.py                           1           0  0.22s           2026-05-27T08:27:11
================================================================================
[2026-05-27T08:28:04.849+0000] {manager.py:878} INFO - 
================================================================================
DAG File Processing Stats

File Path                  PID    Runtime      # DAGs    # Errors  Last Runtime    Last Run
-------------------------  -----  ---------  --------  ----------  --------------  -------------------
/opt/airflow/dags/main.py                           1           0  0.17s           2026-05-27T08:27:41
================================================================================
[2026-05-27T08:28:24.080+0000] {manager.py:737} INFO - Searching for files in /opt/airflow/dags
[2026-05-27T08:28:24.094+0000] {manager.py:740} INFO - There are 1 files in /opt/airflow/dags
[2026-05-27T08:28:35.202+0000] {manager.py:878} INFO - 
================================================================================
DAG File Processing Stats

File Path                  PID    Runtime      # DAGs    # Errors  Last Runtime    Last Run
-------------------------  -----  ---------  --------  ----------  --------------  -------------------
/opt/airflow/dags/main.py                           1           0  0.21s           2026-05-27T08:28:12
================================================================================
[2026-05-27T08:29:05.693+0000] {manager.py:878} INFO - 
================================================================================
DAG File Processing Stats

File Path                  PID    Runtime      # DAGs    # Errors  Last Runtime    Last Run
-------------------------  -----  ---------  --------  ----------  --------------  -------------------
/opt/airflow/dags/main.py                           1           0  0.17s           2026-05-27T08:28:42
================================================================================
[2026-05-27T08:29:38.664+0000] {manager.py:878} INFO - 
================================================================================
DAG File Processing Stats

File Path                  PID    Runtime      # DAGs    # Errors  Last Runtime    Last Run
-------------------------  -----  ---------  --------  ----------  --------------  -------------------
/opt/airflow/dags/main.py                           1           0  0.16s           2026-05-27T08:29:12
================================================================================
[2026-05-27T08:30:09.036+0000] {manager.py:878} INFO - 
================================================================================
DAG File Processing Stats

File Path                  PID    Runtime      # DAGs    # Errors  Last Runtime    Last Run
-------------------------  -----  ---------  --------  ----------  --------------  -------------------
/opt/airflow/dags/main.py                           1           0  0.13s           2026-05-27T08:29:43
================================================================================
[2026-05-27T08:45:36.447+0000] {manager.py:737} INFO - Searching for files in /opt/airflow/dags
[2026-05-27T08:45:36.463+0000] {manager.py:740} INFO - There are 1 files in /opt/airflow/dags
[2026-05-27T08:45:39.557+0000] {manager.py:878} INFO - 
================================================================================
DAG File Processing Stats

File Path                  PID    Runtime      # DAGs    # Errors  Last Runtime    Last Run
-------------------------  -----  ---------  --------  ----------  --------------  -------------------
/opt/airflow/dags/main.py                           1           0  0.19s           2026-05-27T08:45:36
================================================================================
[2026-05-27T08:59:29.384+0000] {manager.py:737} INFO - Searching for files in /opt/airflow/dags
[2026-05-27T08:59:29.391+0000] {manager.py:740} INFO - There are 1 files in /opt/airflow/dags
[2026-05-27T08:59:33.486+0000] {manager.py:878} INFO - 
================================================================================
DAG File Processing Stats

File Path                  PID    Runtime      # DAGs    # Errors  Last Runtime    Last Run
-------------------------  -----  ---------  --------  ----------  --------------  -------------------
/opt/airflow/dags/main.py                           1           0  0.14s           2026-05-27T08:59:29
================================================================================
[2026-05-27T09:05:36.490+0000] {manager.py:737} INFO - Searching for files in /opt/airflow/dags
[2026-05-27T09:05:36.611+0000] {manager.py:740} INFO - There are 1 files in /opt/airflow/dags
[2026-05-27T09:05:40.933+0000] {manager.py:878} INFO - 
================================================================================
DAG File Processing Stats

File Path                  PID    Runtime      # DAGs    # Errors  Last Runtime    Last Run
-------------------------  -----  ---------  --------  ----------  --------------  -------------------
/opt/airflow/dags/main.py                           1           0  1.36s           2026-05-27T09:05:38
================================================================================
[2026-05-27T09:06:11.474+0000] {manager.py:878} INFO - 
================================================================================
DAG File Processing Stats

File Path                  PID    Runtime      # DAGs    # Errors  Last Runtime    Last Run
-------------------------  -----  ---------  --------  ----------  --------------  -------------------
/opt/airflow/dags/main.py                           1           0  0.20s           2026-05-27T09:06:08
================================================================================
[2026-05-27T10:20:37.317+0000] {manager.py:737} INFO - Searching for files in /opt/airflow/dags
[2026-05-27T10:20:37.326+0000] {manager.py:740} INFO - There are 1 files in /opt/airflow/dags
[2026-05-27T10:20:42.483+0000] {manager.py:878} INFO - 
================================================================================
DAG File Processing Stats

File Path                  PID    Runtime      # DAGs    # Errors  Last Runtime    Last Run
-------------------------  -----  ---------  --------  ----------  --------------  -------------------
/opt/airflow/dags/main.py                           1           0  0.24s           2026-05-27T10:20:37
================================================================================
[2026-05-27T10:21:12.861+0000] {manager.py:878} INFO - 
================================================================================
DAG File Processing Stats

File Path                  PID    Runtime      # DAGs    # Errors  Last Runtime    Last Run
-------------------------  -----  ---------  --------  ----------  --------------  -------------------
/opt/airflow/dags/main.py                           1           0  0.19s           2026-05-27T10:21:07
================================================================================
[2026-05-27T10:28:29.994+0000] {manager.py:737} INFO - Searching for files in /opt/airflow/dags
[2026-05-27T10:28:30.068+0000] {manager.py:740} INFO - There are 1 files in /opt/airflow/dags
[2026-05-27T10:28:36.801+0000] {manager.py:878} INFO - 
================================================================================
DAG File Processing Stats

File Path                  PID    Runtime      # DAGs    # Errors  Last Runtime    Last Run
-------------------------  -----  ---------  --------  ----------  --------------  -------------------
/opt/airflow/dags/main.py                           1           0  0.67s           2026-05-27T10:28:30
================================================================================
[2026-05-27T10:29:06.968+0000] {manager.py:878} INFO - 
================================================================================
DAG File Processing Stats

File Path                  PID    Runtime      # DAGs    # Errors  Last Runtime    Last Run
-------------------------  -----  ---------  --------  ----------  --------------  -------------------
/opt/airflow/dags/main.py                           1           0  0.39s           2026-05-27T10:29:01
================================================================================
[2026-05-27T10:29:37.355+0000] {manager.py:878} INFO - 
================================================================================
DAG File Processing Stats

File Path                  PID    Runtime      # DAGs    # Errors  Last Runtime    Last Run
-------------------------  -----  ---------  --------  ----------  --------------  -------------------
/opt/airflow/dags/main.py                           1           0  0.33s           2026-05-27T10:29:32
================================================================================
[2026-05-27T10:30:07.918+0000] {manager.py:878} INFO - 
================================================================================
DAG File Processing Stats

File Path                  PID    Runtime      # DAGs    # Errors  Last Runtime    Last Run
-------------------------  -----  ---------  --------  ----------  --------------  -------------------
/opt/airflow/dags/main.py                           1           0  0.17s           2026-05-27T10:30:02
================================================================================
[2026-05-27T10:30:38.552+0000] {manager.py:878} INFO - 
================================================================================
DAG File Processing Stats

File Path                  PID    Runtime      # DAGs    # Errors  Last Runtime    Last Run
-------------------------  -----  ---------  --------  ----------  --------------  -------------------
/opt/airflow/dags/main.py                           1           0  0.16s           2026-05-27T10:30:33
================================================================================
[2026-05-27T10:31:09.091+0000] {manager.py:878} INFO - 
================================================================================
DAG File Processing Stats

File Path                  PID    Runtime      # DAGs    # Errors  Last Runtime    Last Run
-------------------------  -----  ---------  --------  ----------  --------------  -------------------
/opt/airflow/dags/main.py                           1           0  0.18s           2026-05-27T10:31:04
================================================================================
[2026-05-27T10:31:39.588+0000] {manager.py:878} INFO - 
================================================================================
DAG File Processing Stats

File Path                  PID    Runtime      # DAGs    # Errors  Last Runtime    Last Run
-------------------------  -----  ---------  --------  ----------  --------------  -------------------
/opt/airflow/dags/main.py                           1           0  0.16s           2026-05-27T10:31:34
================================================================================
[2026-05-27T10:32:10.149+0000] {manager.py:878} INFO - 
================================================================================
DAG File Processing Stats

File Path                  PID    Runtime      # DAGs    # Errors  Last Runtime    Last Run
-------------------------  -----  ---------  --------  ----------  --------------  -------------------
/opt/airflow/dags/main.py                           1           0  0.20s           2026-05-27T10:32:05
================================================================================
[2026-05-27T10:32:40.619+0000] {manager.py:878} INFO - 
================================================================================
DAG File Processing Stats

File Path                  PID    Runtime      # DAGs    # Errors  Last Runtime    Last Run
-------------------------  -----  ---------  --------  ----------  --------------  -------------------
/opt/airflow/dags/main.py                           1           0  0.13s           2026-05-27T10:32:35
================================================================================
[2026-05-27T10:33:11.027+0000] {manager.py:878} INFO - 
================================================================================
DAG File Processing Stats

File Path                  PID    Runtime      # DAGs    # Errors  Last Runtime    Last Run
-------------------------  -----  ---------  --------  ----------  --------------  -------------------
/opt/airflow/dags/main.py                           1           0  0.21s           2026-05-27T10:33:06
================================================================================
[2026-05-27T10:33:30.405+0000] {manager.py:737} INFO - Searching for files in /opt/airflow/dags
[2026-05-27T10:33:30.415+0000] {manager.py:740} INFO - There are 1 files in /opt/airflow/dags
[2026-05-27T10:33:41.583+0000] {manager.py:878} INFO - 
================================================================================
DAG File Processing Stats

File Path                  PID    Runtime      # DAGs    # Errors  Last Runtime    Last Run
-------------------------  -----  ---------  --------  ----------  --------------  -------------------
/opt/airflow/dags/main.py                           1           0  0.14s           2026-05-27T10:33:36
================================================================================
[2026-05-27T10:34:12.204+0000] {manager.py:878} INFO - 
================================================================================
DAG File Processing Stats

File Path                  PID    Runtime      # DAGs    # Errors  Last Runtime    Last Run
-------------------------  -----  ---------  --------  ----------  --------------  -------------------
/opt/airflow/dags/main.py                           1           0  0.22s           2026-05-27T10:34:07
================================================================================
[2026-05-27T10:34:42.735+0000] {manager.py:878} INFO - 
================================================================================
DAG File Processing Stats

File Path                  PID    Runtime      # DAGs    # Errors  Last Runtime    Last Run
-------------------------  -----  ---------  --------  ----------  --------------  -------------------
/opt/airflow/dags/main.py                           1           0  0.21s           2026-05-27T10:34:37
================================================================================
[2026-05-27T10:35:13.174+0000] {manager.py:878} INFO - 
================================================================================
DAG File Processing Stats

File Path                  PID    Runtime      # DAGs    # Errors  Last Runtime    Last Run
-------------------------  -----  ---------  --------  ----------  --------------  -------------------
/opt/airflow/dags/main.py                           1           0  0.19s           2026-05-27T10:35:08
================================================================================
[2026-05-27T10:35:43.671+0000] {manager.py:878} INFO - 
================================================================================
DAG File Processing Stats

File Path                  PID    Runtime      # DAGs    # Errors  Last Runtime    Last Run
-------------------------  -----  ---------  --------  ----------  --------------  -------------------
/opt/airflow/dags/main.py                           1           0  0.22s           2026-05-27T10:35:38
================================================================================
[2026-05-27T10:36:14.216+0000] {manager.py:878} INFO - 
================================================================================
DAG File Processing Stats

File Path                  PID    Runtime      # DAGs    # Errors  Last Runtime    Last Run
-------------------------  -----  ---------  --------  ----------  --------------  -------------------
/opt/airflow/dags/main.py                           1           0  0.19s           2026-05-27T10:36:09
================================================================================
[2026-05-27T10:36:44.765+0000] {manager.py:878} INFO - 
================================================================================
DAG File Processing Stats

File Path                  PID    Runtime      # DAGs    # Errors  Last Runtime    Last Run
-------------------------  -----  ---------  --------  ----------  --------------  -------------------
/opt/airflow/dags/main.py                           1           0  0.21s           2026-05-27T10:36:39
================================================================================
[2026-05-27T10:37:15.222+0000] {manager.py:878} INFO - 
================================================================================
DAG File Processing Stats

File Path                  PID    Runtime      # DAGs    # Errors  Last Runtime    Last Run
-------------------------  -----  ---------  --------  ----------  --------------  -------------------
/opt/airflow/dags/main.py                           1           0  0.19s           2026-05-27T10:37:10
================================================================================
[2026-05-27T10:37:45.645+0000] {manager.py:878} INFO - 
================================================================================
DAG File Processing Stats

File Path                  PID    Runtime      # DAGs    # Errors  Last Runtime    Last Run
-------------------------  -----  ---------  --------  ----------  --------------  -------------------
/opt/airflow/dags/main.py                           1           0  0.22s           2026-05-27T10:37:40
================================================================================
[2026-05-27T10:38:16.240+0000] {manager.py:878} INFO - 
================================================================================
DAG File Processing Stats

File Path                  PID    Runtime      # DAGs    # Errors  Last Runtime    Last Run
-------------------------  -----  ---------  --------  ----------  --------------  -------------------
/opt/airflow/dags/main.py                           1           0  0.22s           2026-05-27T10:38:11
================================================================================
