[2026-05-27T08:13:23.339+0000] {processor.py:161} INFO - Started process (PID=554) to work on /opt/airflow/dags/main.py
[2026-05-27T08:13:23.343+0000] {processor.py:830} INFO - Processing file /opt/airflow/dags/main.py for tasks to queue
[2026-05-27T08:13:23.363+0000] {logging_mixin.py:188} INFO - [2026-05-27T08:13:23.359+0000] {dagbag.py:545} INFO - Filling up the DagBag from /opt/airflow/dags/main.py
[2026-05-27T08:13:23.589+0000] {processor.py:840} INFO - DAG(s) 'produce_json' retrieved from /opt/airflow/dags/main.py
[2026-05-27T08:13:23.912+0000] {logging_mixin.py:188} INFO - [2026-05-27T08:13:23.912+0000] {override.py:1829} INFO - Created Permission View: can read on DAG:produce_json
[2026-05-27T08:13:23.918+0000] {logging_mixin.py:188} INFO - [2026-05-27T08:13:23.918+0000] {override.py:1829} INFO - Created Permission View: can edit on DAG:produce_json
[2026-05-27T08:13:23.920+0000] {logging_mixin.py:188} INFO - [2026-05-27T08:13:23.920+0000] {override.py:1829} INFO - Created Permission View: can delete on DAG:produce_json
[2026-05-27T08:13:23.920+0000] {logging_mixin.py:188} INFO - [2026-05-27T08:13:23.920+0000] {dag.py:3096} INFO - Sync 1 DAGs
[2026-05-27T08:13:23.929+0000] {logging_mixin.py:188} INFO - [2026-05-27T08:13:23.929+0000] {dag.py:3118} INFO - Creating ORM DAG for produce_json
[2026-05-27T08:13:23.942+0000] {logging_mixin.py:188} INFO - [2026-05-27T08:13:23.942+0000] {dag.py:3954} INFO - Setting next_dagrun for produce_json to 2026-05-25 08:30:00+00:00, run_after=2026-05-26 08:30:00+00:00
[2026-05-27T08:13:23.955+0000] {processor.py:183} INFO - Processing /opt/airflow/dags/main.py took 0.651 seconds
[2026-05-27T08:13:54.364+0000] {processor.py:161} INFO - Started process (PID=561) to work on /opt/airflow/dags/main.py
[2026-05-27T08:13:54.366+0000] {processor.py:830} INFO - Processing file /opt/airflow/dags/main.py for tasks to queue
[2026-05-27T08:13:54.369+0000] {logging_mixin.py:188} INFO - [2026-05-27T08:13:54.369+0000] {dagbag.py:545} INFO - Filling up the DagBag from /opt/airflow/dags/main.py
[2026-05-27T08:13:54.415+0000] {processor.py:840} INFO - DAG(s) 'produce_json' retrieved from /opt/airflow/dags/main.py
[2026-05-27T08:13:54.454+0000] {logging_mixin.py:188} INFO - [2026-05-27T08:13:54.454+0000] {dag.py:3096} INFO - Sync 1 DAGs
[2026-05-27T08:13:54.469+0000] {logging_mixin.py:188} INFO - [2026-05-27T08:13:54.469+0000] {dag.py:3954} INFO - Setting next_dagrun for produce_json to 2026-05-25 08:30:00+00:00, run_after=2026-05-26 08:30:00+00:00
[2026-05-27T08:13:54.482+0000] {processor.py:183} INFO - Processing /opt/airflow/dags/main.py took 0.134 seconds
[2026-05-27T08:14:24.782+0000] {processor.py:161} INFO - Started process (PID=568) to work on /opt/airflow/dags/main.py
[2026-05-27T08:14:24.785+0000] {processor.py:830} INFO - Processing file /opt/airflow/dags/main.py for tasks to queue
[2026-05-27T08:14:24.788+0000] {logging_mixin.py:188} INFO - [2026-05-27T08:14:24.788+0000] {dagbag.py:545} INFO - Filling up the DagBag from /opt/airflow/dags/main.py
[2026-05-27T08:14:24.825+0000] {processor.py:840} INFO - DAG(s) 'produce_json' retrieved from /opt/airflow/dags/main.py
[2026-05-27T08:14:24.855+0000] {logging_mixin.py:188} INFO - [2026-05-27T08:14:24.855+0000] {dag.py:3096} INFO - Sync 1 DAGs
[2026-05-27T08:14:24.885+0000] {logging_mixin.py:188} INFO - [2026-05-27T08:14:24.885+0000] {dag.py:3954} INFO - Setting next_dagrun for produce_json to 2026-05-25 08:30:00+00:00, run_after=2026-05-26 08:30:00+00:00
[2026-05-27T08:14:24.896+0000] {processor.py:183} INFO - Processing /opt/airflow/dags/main.py took 0.123 seconds
[2026-05-27T08:14:55.237+0000] {processor.py:161} INFO - Started process (PID=581) to work on /opt/airflow/dags/main.py
[2026-05-27T08:14:55.238+0000] {processor.py:830} INFO - Processing file /opt/airflow/dags/main.py for tasks to queue
[2026-05-27T08:14:55.241+0000] {logging_mixin.py:188} INFO - [2026-05-27T08:14:55.240+0000] {dagbag.py:545} INFO - Filling up the DagBag from /opt/airflow/dags/main.py
[2026-05-27T08:14:55.281+0000] {processor.py:840} INFO - DAG(s) 'produce_json' retrieved from /opt/airflow/dags/main.py
[2026-05-27T08:14:55.318+0000] {logging_mixin.py:188} INFO - [2026-05-27T08:14:55.318+0000] {dag.py:3096} INFO - Sync 1 DAGs
[2026-05-27T08:14:55.333+0000] {logging_mixin.py:188} INFO - [2026-05-27T08:14:55.333+0000] {dag.py:3954} INFO - Setting next_dagrun for produce_json to 2026-05-25 08:30:00+00:00, run_after=2026-05-26 08:30:00+00:00
[2026-05-27T08:14:55.346+0000] {processor.py:183} INFO - Processing /opt/airflow/dags/main.py took 0.122 seconds
[2026-05-27T08:15:25.642+0000] {processor.py:161} INFO - Started process (PID=588) to work on /opt/airflow/dags/main.py
[2026-05-27T08:15:25.647+0000] {processor.py:830} INFO - Processing file /opt/airflow/dags/main.py for tasks to queue
[2026-05-27T08:15:25.650+0000] {logging_mixin.py:188} INFO - [2026-05-27T08:15:25.650+0000] {dagbag.py:545} INFO - Filling up the DagBag from /opt/airflow/dags/main.py
[2026-05-27T08:15:25.692+0000] {processor.py:840} INFO - DAG(s) 'produce_json' retrieved from /opt/airflow/dags/main.py
[2026-05-27T08:15:25.729+0000] {logging_mixin.py:188} INFO - [2026-05-27T08:15:25.729+0000] {dag.py:3096} INFO - Sync 1 DAGs
[2026-05-27T08:15:25.748+0000] {logging_mixin.py:188} INFO - [2026-05-27T08:15:25.748+0000] {dag.py:3954} INFO - Setting next_dagrun for produce_json to 2026-05-25 08:30:00+00:00, run_after=2026-05-26 08:30:00+00:00
[2026-05-27T08:15:25.759+0000] {processor.py:183} INFO - Processing /opt/airflow/dags/main.py took 0.133 seconds
[2026-05-27T08:15:56.167+0000] {processor.py:161} INFO - Started process (PID=595) to work on /opt/airflow/dags/main.py
[2026-05-27T08:15:56.169+0000] {processor.py:830} INFO - Processing file /opt/airflow/dags/main.py for tasks to queue
[2026-05-27T08:15:56.174+0000] {logging_mixin.py:188} INFO - [2026-05-27T08:15:56.173+0000] {dagbag.py:545} INFO - Filling up the DagBag from /opt/airflow/dags/main.py
[2026-05-27T08:15:56.237+0000] {processor.py:840} INFO - DAG(s) 'produce_json' retrieved from /opt/airflow/dags/main.py
[2026-05-27T08:15:56.281+0000] {logging_mixin.py:188} INFO - [2026-05-27T08:15:56.281+0000] {dag.py:3096} INFO - Sync 1 DAGs
[2026-05-27T08:15:56.308+0000] {logging_mixin.py:188} INFO - [2026-05-27T08:15:56.308+0000] {dag.py:3954} INFO - Setting next_dagrun for produce_json to 2026-05-25 08:30:00+00:00, run_after=2026-05-26 08:30:00+00:00
[2026-05-27T08:15:56.322+0000] {processor.py:183} INFO - Processing /opt/airflow/dags/main.py took 0.175 seconds
[2026-05-27T08:16:26.592+0000] {processor.py:161} INFO - Started process (PID=602) to work on /opt/airflow/dags/main.py
[2026-05-27T08:16:26.595+0000] {processor.py:830} INFO - Processing file /opt/airflow/dags/main.py for tasks to queue
[2026-05-27T08:16:26.602+0000] {logging_mixin.py:188} INFO - [2026-05-27T08:16:26.602+0000] {dagbag.py:545} INFO - Filling up the DagBag from /opt/airflow/dags/main.py
[2026-05-27T08:16:26.645+0000] {processor.py:840} INFO - DAG(s) 'produce_json' retrieved from /opt/airflow/dags/main.py
[2026-05-27T08:16:26.685+0000] {logging_mixin.py:188} INFO - [2026-05-27T08:16:26.685+0000] {dag.py:3096} INFO - Sync 1 DAGs
[2026-05-27T08:16:26.705+0000] {logging_mixin.py:188} INFO - [2026-05-27T08:16:26.705+0000] {dag.py:3954} INFO - Setting next_dagrun for produce_json to 2026-05-25 08:30:00+00:00, run_after=2026-05-26 08:30:00+00:00
[2026-05-27T08:16:26.719+0000] {processor.py:183} INFO - Processing /opt/airflow/dags/main.py took 0.154 seconds
[2026-05-27T08:16:57.419+0000] {processor.py:161} INFO - Started process (PID=608) to work on /opt/airflow/dags/main.py
[2026-05-27T08:16:57.422+0000] {processor.py:830} INFO - Processing file /opt/airflow/dags/main.py for tasks to queue
[2026-05-27T08:16:57.432+0000] {logging_mixin.py:188} INFO - [2026-05-27T08:16:57.431+0000] {dagbag.py:545} INFO - Filling up the DagBag from /opt/airflow/dags/main.py
[2026-05-27T08:16:57.501+0000] {processor.py:840} INFO - DAG(s) 'produce_json' retrieved from /opt/airflow/dags/main.py
[2026-05-27T08:16:57.546+0000] {logging_mixin.py:188} INFO - [2026-05-27T08:16:57.546+0000] {dag.py:3096} INFO - Sync 1 DAGs
[2026-05-27T08:16:57.571+0000] {logging_mixin.py:188} INFO - [2026-05-27T08:16:57.571+0000] {dag.py:3954} INFO - Setting next_dagrun for produce_json to 2026-05-25 08:30:00+00:00, run_after=2026-05-26 08:30:00+00:00
[2026-05-27T08:16:57.588+0000] {processor.py:183} INFO - Processing /opt/airflow/dags/main.py took 0.213 seconds
[2026-05-27T08:17:33.469+0000] {processor.py:161} INFO - Started process (PID=609) to work on /opt/airflow/dags/main.py
[2026-05-27T08:17:33.471+0000] {processor.py:830} INFO - Processing file /opt/airflow/dags/main.py for tasks to queue
[2026-05-27T08:17:33.478+0000] {logging_mixin.py:188} INFO - [2026-05-27T08:17:33.477+0000] {dagbag.py:545} INFO - Filling up the DagBag from /opt/airflow/dags/main.py
[2026-05-27T08:17:33.527+0000] {processor.py:840} INFO - DAG(s) 'produce_json' retrieved from /opt/airflow/dags/main.py
[2026-05-27T08:17:33.574+0000] {logging_mixin.py:188} INFO - [2026-05-27T08:17:33.574+0000] {dag.py:3096} INFO - Sync 1 DAGs
[2026-05-27T08:17:33.611+0000] {logging_mixin.py:188} INFO - [2026-05-27T08:17:33.611+0000] {dag.py:3954} INFO - Setting next_dagrun for produce_json to 2026-05-25 08:30:00+00:00, run_after=2026-05-26 08:30:00+00:00
[2026-05-27T08:17:33.626+0000] {processor.py:183} INFO - Processing /opt/airflow/dags/main.py took 0.196 seconds
[2026-05-27T08:18:04.372+0000] {processor.py:161} INFO - Started process (PID=616) to work on /opt/airflow/dags/main.py
[2026-05-27T08:18:04.373+0000] {processor.py:830} INFO - Processing file /opt/airflow/dags/main.py for tasks to queue
[2026-05-27T08:18:04.376+0000] {logging_mixin.py:188} INFO - [2026-05-27T08:18:04.376+0000] {dagbag.py:545} INFO - Filling up the DagBag from /opt/airflow/dags/main.py
[2026-05-27T08:18:04.450+0000] {processor.py:840} INFO - DAG(s) 'produce_json' retrieved from /opt/airflow/dags/main.py
[2026-05-27T08:18:04.487+0000] {logging_mixin.py:188} INFO - [2026-05-27T08:18:04.487+0000] {dag.py:3096} INFO - Sync 1 DAGs
[2026-05-27T08:18:04.522+0000] {logging_mixin.py:188} INFO - [2026-05-27T08:18:04.521+0000] {dag.py:3954} INFO - Setting next_dagrun for produce_json to 2026-05-25 08:30:00+00:00, run_after=2026-05-26 08:30:00+00:00
[2026-05-27T08:18:04.536+0000] {processor.py:183} INFO - Processing /opt/airflow/dags/main.py took 0.189 seconds
[2026-05-27T08:18:34.837+0000] {processor.py:161} INFO - Started process (PID=623) to work on /opt/airflow/dags/main.py
[2026-05-27T08:18:34.839+0000] {processor.py:830} INFO - Processing file /opt/airflow/dags/main.py for tasks to queue
[2026-05-27T08:18:34.847+0000] {logging_mixin.py:188} INFO - [2026-05-27T08:18:34.846+0000] {dagbag.py:545} INFO - Filling up the DagBag from /opt/airflow/dags/main.py
[2026-05-27T08:18:34.893+0000] {processor.py:840} INFO - DAG(s) 'produce_json' retrieved from /opt/airflow/dags/main.py
[2026-05-27T08:18:34.934+0000] {logging_mixin.py:188} INFO - [2026-05-27T08:18:34.934+0000] {dag.py:3096} INFO - Sync 1 DAGs
[2026-05-27T08:18:34.967+0000] {logging_mixin.py:188} INFO - [2026-05-27T08:18:34.966+0000] {dag.py:3954} INFO - Setting next_dagrun for produce_json to 2026-05-25 08:30:00+00:00, run_after=2026-05-26 08:30:00+00:00
[2026-05-27T08:18:34.978+0000] {processor.py:183} INFO - Processing /opt/airflow/dags/main.py took 0.161 seconds
[2026-05-27T08:19:03.391+0000] {processor.py:161} INFO - Started process (PID=630) to work on /opt/airflow/dags/main.py
[2026-05-27T08:19:03.393+0000] {processor.py:830} INFO - Processing file /opt/airflow/dags/main.py for tasks to queue
[2026-05-27T08:19:03.406+0000] {logging_mixin.py:188} INFO - [2026-05-27T08:19:03.404+0000] {dagbag.py:545} INFO - Filling up the DagBag from /opt/airflow/dags/main.py
[2026-05-27T08:19:03.450+0000] {processor.py:840} INFO - DAG(s) 'produce_json' retrieved from /opt/airflow/dags/main.py
[2026-05-27T08:19:03.490+0000] {logging_mixin.py:188} INFO - [2026-05-27T08:19:03.490+0000] {dag.py:3096} INFO - Sync 1 DAGs
[2026-05-27T08:19:03.506+0000] {logging_mixin.py:188} INFO - [2026-05-27T08:19:03.506+0000] {dag.py:3954} INFO - Setting next_dagrun for produce_json to 2026-05-25 08:30:00+00:00, run_after=2026-05-26 08:30:00+00:00
[2026-05-27T08:19:03.517+0000] {processor.py:183} INFO - Processing /opt/airflow/dags/main.py took 0.147 seconds
[2026-05-27T08:19:33.979+0000] {processor.py:161} INFO - Started process (PID=637) to work on /opt/airflow/dags/main.py
[2026-05-27T08:19:33.983+0000] {processor.py:830} INFO - Processing file /opt/airflow/dags/main.py for tasks to queue
[2026-05-27T08:19:33.986+0000] {logging_mixin.py:188} INFO - [2026-05-27T08:19:33.986+0000] {dagbag.py:545} INFO - Filling up the DagBag from /opt/airflow/dags/main.py
[2026-05-27T08:19:34.039+0000] {processor.py:840} INFO - DAG(s) 'produce_json' retrieved from /opt/airflow/dags/main.py
[2026-05-27T08:19:34.073+0000] {logging_mixin.py:188} INFO - [2026-05-27T08:19:34.073+0000] {dag.py:3096} INFO - Sync 1 DAGs
[2026-05-27T08:19:34.118+0000] {logging_mixin.py:188} INFO - [2026-05-27T08:19:34.118+0000] {dag.py:3954} INFO - Setting next_dagrun for produce_json to 2026-05-25 08:30:00+00:00, run_after=2026-05-26 08:30:00+00:00
[2026-05-27T08:19:34.139+0000] {processor.py:183} INFO - Processing /opt/airflow/dags/main.py took 0.178 seconds
[2026-05-27T08:20:04.451+0000] {processor.py:161} INFO - Started process (PID=644) to work on /opt/airflow/dags/main.py
[2026-05-27T08:20:04.456+0000] {processor.py:830} INFO - Processing file /opt/airflow/dags/main.py for tasks to queue
[2026-05-27T08:20:04.459+0000] {logging_mixin.py:188} INFO - [2026-05-27T08:20:04.458+0000] {dagbag.py:545} INFO - Filling up the DagBag from /opt/airflow/dags/main.py
[2026-05-27T08:20:04.498+0000] {processor.py:840} INFO - DAG(s) 'produce_json' retrieved from /opt/airflow/dags/main.py
[2026-05-27T08:20:04.538+0000] {logging_mixin.py:188} INFO - [2026-05-27T08:20:04.538+0000] {dag.py:3096} INFO - Sync 1 DAGs
[2026-05-27T08:20:04.560+0000] {logging_mixin.py:188} INFO - [2026-05-27T08:20:04.560+0000] {dag.py:3954} INFO - Setting next_dagrun for produce_json to 2026-05-25 08:30:00+00:00, run_after=2026-05-26 08:30:00+00:00
[2026-05-27T08:20:04.572+0000] {processor.py:183} INFO - Processing /opt/airflow/dags/main.py took 0.137 seconds
[2026-05-27T08:20:35.136+0000] {processor.py:161} INFO - Started process (PID=659) to work on /opt/airflow/dags/main.py
[2026-05-27T08:20:35.139+0000] {processor.py:830} INFO - Processing file /opt/airflow/dags/main.py for tasks to queue
[2026-05-27T08:20:35.146+0000] {logging_mixin.py:188} INFO - [2026-05-27T08:20:35.145+0000] {dagbag.py:545} INFO - Filling up the DagBag from /opt/airflow/dags/main.py
[2026-05-27T08:20:35.219+0000] {processor.py:840} INFO - DAG(s) 'produce_json' retrieved from /opt/airflow/dags/main.py
[2026-05-27T08:20:35.289+0000] {logging_mixin.py:188} INFO - [2026-05-27T08:20:35.288+0000] {dag.py:3096} INFO - Sync 1 DAGs
[2026-05-27T08:20:35.343+0000] {logging_mixin.py:188} INFO - [2026-05-27T08:20:35.343+0000] {dag.py:3954} INFO - Setting next_dagrun for produce_json to 2026-05-26 08:30:00+00:00, run_after=2026-05-27 08:30:00+00:00
[2026-05-27T08:20:35.364+0000] {processor.py:183} INFO - Processing /opt/airflow/dags/main.py took 0.244 seconds
[2026-05-27T08:21:05.767+0000] {processor.py:161} INFO - Started process (PID=674) to work on /opt/airflow/dags/main.py
[2026-05-27T08:21:05.768+0000] {processor.py:830} INFO - Processing file /opt/airflow/dags/main.py for tasks to queue
[2026-05-27T08:21:05.771+0000] {logging_mixin.py:188} INFO - [2026-05-27T08:21:05.771+0000] {dagbag.py:545} INFO - Filling up the DagBag from /opt/airflow/dags/main.py
[2026-05-27T08:21:05.808+0000] {processor.py:840} INFO - DAG(s) 'produce_json' retrieved from /opt/airflow/dags/main.py
[2026-05-27T08:21:05.835+0000] {logging_mixin.py:188} INFO - [2026-05-27T08:21:05.835+0000] {dag.py:3096} INFO - Sync 1 DAGs
[2026-05-27T08:21:05.859+0000] {logging_mixin.py:188} INFO - [2026-05-27T08:21:05.859+0000] {dag.py:3954} INFO - Setting next_dagrun for produce_json to 2026-05-26 08:30:00+00:00, run_after=2026-05-27 08:30:00+00:00
[2026-05-27T08:21:05.873+0000] {processor.py:183} INFO - Processing /opt/airflow/dags/main.py took 0.115 seconds
[2026-05-27T08:21:36.184+0000] {processor.py:161} INFO - Started process (PID=681) to work on /opt/airflow/dags/main.py
[2026-05-27T08:21:36.187+0000] {processor.py:830} INFO - Processing file /opt/airflow/dags/main.py for tasks to queue
[2026-05-27T08:21:36.194+0000] {logging_mixin.py:188} INFO - [2026-05-27T08:21:36.193+0000] {dagbag.py:545} INFO - Filling up the DagBag from /opt/airflow/dags/main.py
[2026-05-27T08:21:36.250+0000] {processor.py:840} INFO - DAG(s) 'produce_json' retrieved from /opt/airflow/dags/main.py
[2026-05-27T08:21:36.305+0000] {logging_mixin.py:188} INFO - [2026-05-27T08:21:36.304+0000] {dag.py:3096} INFO - Sync 1 DAGs
[2026-05-27T08:21:36.336+0000] {logging_mixin.py:188} INFO - [2026-05-27T08:21:36.336+0000] {dag.py:3954} INFO - Setting next_dagrun for produce_json to 2026-05-26 08:30:00+00:00, run_after=2026-05-27 08:30:00+00:00
[2026-05-27T08:21:36.351+0000] {processor.py:183} INFO - Processing /opt/airflow/dags/main.py took 0.191 seconds
[2026-05-27T08:22:06.554+0000] {processor.py:161} INFO - Started process (PID=688) to work on /opt/airflow/dags/main.py
[2026-05-27T08:22:06.556+0000] {processor.py:830} INFO - Processing file /opt/airflow/dags/main.py for tasks to queue
[2026-05-27T08:22:06.559+0000] {logging_mixin.py:188} INFO - [2026-05-27T08:22:06.558+0000] {dagbag.py:545} INFO - Filling up the DagBag from /opt/airflow/dags/main.py
[2026-05-27T08:22:06.602+0000] {processor.py:840} INFO - DAG(s) 'produce_json' retrieved from /opt/airflow/dags/main.py
[2026-05-27T08:22:06.638+0000] {logging_mixin.py:188} INFO - [2026-05-27T08:22:06.638+0000] {dag.py:3096} INFO - Sync 1 DAGs
[2026-05-27T08:22:06.659+0000] {logging_mixin.py:188} INFO - [2026-05-27T08:22:06.659+0000] {dag.py:3954} INFO - Setting next_dagrun for produce_json to 2026-05-26 08:30:00+00:00, run_after=2026-05-27 08:30:00+00:00
[2026-05-27T08:22:06.669+0000] {processor.py:183} INFO - Processing /opt/airflow/dags/main.py took 0.127 seconds
[2026-05-27T08:22:37.132+0000] {processor.py:161} INFO - Started process (PID=695) to work on /opt/airflow/dags/main.py
[2026-05-27T08:22:37.134+0000] {processor.py:830} INFO - Processing file /opt/airflow/dags/main.py for tasks to queue
[2026-05-27T08:22:37.141+0000] {logging_mixin.py:188} INFO - [2026-05-27T08:22:37.141+0000] {dagbag.py:545} INFO - Filling up the DagBag from /opt/airflow/dags/main.py
[2026-05-27T08:22:37.187+0000] {processor.py:840} INFO - DAG(s) 'produce_json' retrieved from /opt/airflow/dags/main.py
[2026-05-27T08:22:37.220+0000] {logging_mixin.py:188} INFO - [2026-05-27T08:22:37.220+0000] {dag.py:3096} INFO - Sync 1 DAGs
[2026-05-27T08:22:37.243+0000] {logging_mixin.py:188} INFO - [2026-05-27T08:22:37.242+0000] {dag.py:3954} INFO - Setting next_dagrun for produce_json to 2026-05-26 08:30:00+00:00, run_after=2026-05-27 08:30:00+00:00
[2026-05-27T08:22:37.253+0000] {processor.py:183} INFO - Processing /opt/airflow/dags/main.py took 0.137 seconds
[2026-05-27T08:23:07.514+0000] {processor.py:161} INFO - Started process (PID=702) to work on /opt/airflow/dags/main.py
[2026-05-27T08:23:07.516+0000] {processor.py:830} INFO - Processing file /opt/airflow/dags/main.py for tasks to queue
[2026-05-27T08:23:07.523+0000] {logging_mixin.py:188} INFO - [2026-05-27T08:23:07.522+0000] {dagbag.py:545} INFO - Filling up the DagBag from /opt/airflow/dags/main.py
[2026-05-27T08:23:07.567+0000] {processor.py:840} INFO - DAG(s) 'produce_json' retrieved from /opt/airflow/dags/main.py
[2026-05-27T08:23:07.612+0000] {logging_mixin.py:188} INFO - [2026-05-27T08:23:07.611+0000] {dag.py:3096} INFO - Sync 1 DAGs
[2026-05-27T08:23:07.627+0000] {logging_mixin.py:188} INFO - [2026-05-27T08:23:07.627+0000] {dag.py:3954} INFO - Setting next_dagrun for produce_json to 2026-05-26 08:30:00+00:00, run_after=2026-05-27 08:30:00+00:00
[2026-05-27T08:23:07.637+0000] {processor.py:183} INFO - Processing /opt/airflow/dags/main.py took 0.137 seconds
[2026-05-27T08:23:38.037+0000] {processor.py:161} INFO - Started process (PID=709) to work on /opt/airflow/dags/main.py
[2026-05-27T08:23:38.041+0000] {processor.py:830} INFO - Processing file /opt/airflow/dags/main.py for tasks to queue
[2026-05-27T08:23:38.048+0000] {logging_mixin.py:188} INFO - [2026-05-27T08:23:38.047+0000] {dagbag.py:545} INFO - Filling up the DagBag from /opt/airflow/dags/main.py
[2026-05-27T08:23:38.123+0000] {processor.py:840} INFO - DAG(s) 'produce_json' retrieved from /opt/airflow/dags/main.py
[2026-05-27T08:23:38.165+0000] {logging_mixin.py:188} INFO - [2026-05-27T08:23:38.165+0000] {dag.py:3096} INFO - Sync 1 DAGs
[2026-05-27T08:23:38.187+0000] {logging_mixin.py:188} INFO - [2026-05-27T08:23:38.187+0000] {dag.py:3954} INFO - Setting next_dagrun for produce_json to 2026-05-26 08:30:00+00:00, run_after=2026-05-27 08:30:00+00:00
[2026-05-27T08:23:38.200+0000] {processor.py:183} INFO - Processing /opt/airflow/dags/main.py took 0.183 seconds
[2026-05-27T08:24:08.483+0000] {processor.py:161} INFO - Started process (PID=716) to work on /opt/airflow/dags/main.py
[2026-05-27T08:24:08.485+0000] {processor.py:830} INFO - Processing file /opt/airflow/dags/main.py for tasks to queue
[2026-05-27T08:24:08.492+0000] {logging_mixin.py:188} INFO - [2026-05-27T08:24:08.492+0000] {dagbag.py:545} INFO - Filling up the DagBag from /opt/airflow/dags/main.py
[2026-05-27T08:24:08.532+0000] {processor.py:840} INFO - DAG(s) 'produce_json' retrieved from /opt/airflow/dags/main.py
[2026-05-27T08:24:08.570+0000] {logging_mixin.py:188} INFO - [2026-05-27T08:24:08.570+0000] {dag.py:3096} INFO - Sync 1 DAGs
[2026-05-27T08:24:08.592+0000] {logging_mixin.py:188} INFO - [2026-05-27T08:24:08.592+0000] {dag.py:3954} INFO - Setting next_dagrun for produce_json to 2026-05-26 08:30:00+00:00, run_after=2026-05-27 08:30:00+00:00
[2026-05-27T08:24:08.603+0000] {processor.py:183} INFO - Processing /opt/airflow/dags/main.py took 0.139 seconds
[2026-05-27T08:24:38.895+0000] {processor.py:161} INFO - Started process (PID=723) to work on /opt/airflow/dags/main.py
[2026-05-27T08:24:38.897+0000] {processor.py:830} INFO - Processing file /opt/airflow/dags/main.py for tasks to queue
[2026-05-27T08:24:38.899+0000] {logging_mixin.py:188} INFO - [2026-05-27T08:24:38.899+0000] {dagbag.py:545} INFO - Filling up the DagBag from /opt/airflow/dags/main.py
[2026-05-27T08:24:38.953+0000] {processor.py:840} INFO - DAG(s) 'produce_json' retrieved from /opt/airflow/dags/main.py
[2026-05-27T08:24:38.984+0000] {logging_mixin.py:188} INFO - [2026-05-27T08:24:38.984+0000] {dag.py:3096} INFO - Sync 1 DAGs
[2026-05-27T08:24:39.006+0000] {logging_mixin.py:188} INFO - [2026-05-27T08:24:39.006+0000] {dag.py:3954} INFO - Setting next_dagrun for produce_json to 2026-05-26 08:30:00+00:00, run_after=2026-05-27 08:30:00+00:00
[2026-05-27T08:24:39.017+0000] {processor.py:183} INFO - Processing /opt/airflow/dags/main.py took 0.147 seconds
[2026-05-27T08:25:09.298+0000] {processor.py:161} INFO - Started process (PID=730) to work on /opt/airflow/dags/main.py
[2026-05-27T08:25:09.299+0000] {processor.py:830} INFO - Processing file /opt/airflow/dags/main.py for tasks to queue
[2026-05-27T08:25:09.307+0000] {logging_mixin.py:188} INFO - [2026-05-27T08:25:09.301+0000] {dagbag.py:545} INFO - Filling up the DagBag from /opt/airflow/dags/main.py
[2026-05-27T08:25:09.351+0000] {processor.py:840} INFO - DAG(s) 'produce_json' retrieved from /opt/airflow/dags/main.py
[2026-05-27T08:25:09.387+0000] {logging_mixin.py:188} INFO - [2026-05-27T08:25:09.386+0000] {dag.py:3096} INFO - Sync 1 DAGs
[2026-05-27T08:25:09.409+0000] {logging_mixin.py:188} INFO - [2026-05-27T08:25:09.409+0000] {dag.py:3954} INFO - Setting next_dagrun for produce_json to 2026-05-26 08:30:00+00:00, run_after=2026-05-27 08:30:00+00:00
[2026-05-27T08:25:09.420+0000] {processor.py:183} INFO - Processing /opt/airflow/dags/main.py took 0.140 seconds
[2026-05-27T08:25:39.719+0000] {processor.py:161} INFO - Started process (PID=737) to work on /opt/airflow/dags/main.py
[2026-05-27T08:25:39.721+0000] {processor.py:830} INFO - Processing file /opt/airflow/dags/main.py for tasks to queue
[2026-05-27T08:25:39.726+0000] {logging_mixin.py:188} INFO - [2026-05-27T08:25:39.725+0000] {dagbag.py:545} INFO - Filling up the DagBag from /opt/airflow/dags/main.py
[2026-05-27T08:25:39.790+0000] {processor.py:840} INFO - DAG(s) 'produce_json' retrieved from /opt/airflow/dags/main.py
[2026-05-27T08:25:39.830+0000] {logging_mixin.py:188} INFO - [2026-05-27T08:25:39.830+0000] {dag.py:3096} INFO - Sync 1 DAGs
[2026-05-27T08:25:39.855+0000] {logging_mixin.py:188} INFO - [2026-05-27T08:25:39.855+0000] {dag.py:3954} INFO - Setting next_dagrun for produce_json to 2026-05-26 08:30:00+00:00, run_after=2026-05-27 08:30:00+00:00
[2026-05-27T08:25:39.868+0000] {processor.py:183} INFO - Processing /opt/airflow/dags/main.py took 0.177 seconds
[2026-05-27T08:26:10.177+0000] {processor.py:161} INFO - Started process (PID=744) to work on /opt/airflow/dags/main.py
[2026-05-27T08:26:10.179+0000] {processor.py:830} INFO - Processing file /opt/airflow/dags/main.py for tasks to queue
[2026-05-27T08:26:10.186+0000] {logging_mixin.py:188} INFO - [2026-05-27T08:26:10.185+0000] {dagbag.py:545} INFO - Filling up the DagBag from /opt/airflow/dags/main.py
[2026-05-27T08:26:10.229+0000] {processor.py:840} INFO - DAG(s) 'produce_json' retrieved from /opt/airflow/dags/main.py
[2026-05-27T08:26:10.268+0000] {logging_mixin.py:188} INFO - [2026-05-27T08:26:10.268+0000] {dag.py:3096} INFO - Sync 1 DAGs
[2026-05-27T08:26:10.294+0000] {logging_mixin.py:188} INFO - [2026-05-27T08:26:10.293+0000] {dag.py:3954} INFO - Setting next_dagrun for produce_json to 2026-05-26 08:30:00+00:00, run_after=2026-05-27 08:30:00+00:00
[2026-05-27T08:26:10.304+0000] {processor.py:183} INFO - Processing /opt/airflow/dags/main.py took 0.146 seconds
[2026-05-27T08:26:40.559+0000] {processor.py:161} INFO - Started process (PID=751) to work on /opt/airflow/dags/main.py
[2026-05-27T08:26:40.562+0000] {processor.py:830} INFO - Processing file /opt/airflow/dags/main.py for tasks to queue
[2026-05-27T08:26:40.573+0000] {logging_mixin.py:188} INFO - [2026-05-27T08:26:40.573+0000] {dagbag.py:545} INFO - Filling up the DagBag from /opt/airflow/dags/main.py
[2026-05-27T08:26:40.612+0000] {processor.py:840} INFO - DAG(s) 'produce_json' retrieved from /opt/airflow/dags/main.py
[2026-05-27T08:26:40.658+0000] {logging_mixin.py:188} INFO - [2026-05-27T08:26:40.658+0000] {dag.py:3096} INFO - Sync 1 DAGs
[2026-05-27T08:26:40.686+0000] {logging_mixin.py:188} INFO - [2026-05-27T08:26:40.686+0000] {dag.py:3954} INFO - Setting next_dagrun for produce_json to 2026-05-26 08:30:00+00:00, run_after=2026-05-27 08:30:00+00:00
[2026-05-27T08:26:40.698+0000] {processor.py:183} INFO - Processing /opt/airflow/dags/main.py took 0.151 seconds
[2026-05-27T08:27:11.109+0000] {processor.py:161} INFO - Started process (PID=758) to work on /opt/airflow/dags/main.py
[2026-05-27T08:27:11.116+0000] {processor.py:830} INFO - Processing file /opt/airflow/dags/main.py for tasks to queue
[2026-05-27T08:27:11.124+0000] {logging_mixin.py:188} INFO - [2026-05-27T08:27:11.123+0000] {dagbag.py:545} INFO - Filling up the DagBag from /opt/airflow/dags/main.py
[2026-05-27T08:27:11.181+0000] {processor.py:840} INFO - DAG(s) 'produce_json' retrieved from /opt/airflow/dags/main.py
[2026-05-27T08:27:11.209+0000] {logging_mixin.py:188} INFO - [2026-05-27T08:27:11.209+0000] {dag.py:3096} INFO - Sync 1 DAGs
[2026-05-27T08:27:11.233+0000] {logging_mixin.py:188} INFO - [2026-05-27T08:27:11.232+0000] {dag.py:3954} INFO - Setting next_dagrun for produce_json to 2026-05-26 08:30:00+00:00, run_after=2026-05-27 08:30:00+00:00
[2026-05-27T08:27:11.251+0000] {processor.py:183} INFO - Processing /opt/airflow/dags/main.py took 0.183 seconds
[2026-05-27T08:27:41.573+0000] {processor.py:161} INFO - Started process (PID=766) to work on /opt/airflow/dags/main.py
[2026-05-27T08:27:41.575+0000] {processor.py:830} INFO - Processing file /opt/airflow/dags/main.py for tasks to queue
[2026-05-27T08:27:41.581+0000] {logging_mixin.py:188} INFO - [2026-05-27T08:27:41.580+0000] {dagbag.py:545} INFO - Filling up the DagBag from /opt/airflow/dags/main.py
[2026-05-27T08:27:41.620+0000] {processor.py:840} INFO - DAG(s) 'produce_json' retrieved from /opt/airflow/dags/main.py
[2026-05-27T08:27:41.657+0000] {logging_mixin.py:188} INFO - [2026-05-27T08:27:41.656+0000] {dag.py:3096} INFO - Sync 1 DAGs
[2026-05-27T08:27:41.673+0000] {logging_mixin.py:188} INFO - [2026-05-27T08:27:41.672+0000] {dag.py:3954} INFO - Setting next_dagrun for produce_json to 2026-05-26 08:30:00+00:00, run_after=2026-05-27 08:30:00+00:00
[2026-05-27T08:27:41.686+0000] {processor.py:183} INFO - Processing /opt/airflow/dags/main.py took 0.137 seconds
[2026-05-27T08:28:11.978+0000] {processor.py:161} INFO - Started process (PID=773) to work on /opt/airflow/dags/main.py
[2026-05-27T08:28:11.983+0000] {processor.py:830} INFO - Processing file /opt/airflow/dags/main.py for tasks to queue
[2026-05-27T08:28:11.986+0000] {logging_mixin.py:188} INFO - [2026-05-27T08:28:11.986+0000] {dagbag.py:545} INFO - Filling up the DagBag from /opt/airflow/dags/main.py
[2026-05-27T08:28:12.035+0000] {processor.py:840} INFO - DAG(s) 'produce_json' retrieved from /opt/airflow/dags/main.py
[2026-05-27T08:28:12.071+0000] {logging_mixin.py:188} INFO - [2026-05-27T08:28:12.071+0000] {dag.py:3096} INFO - Sync 1 DAGs
[2026-05-27T08:28:12.116+0000] {logging_mixin.py:188} INFO - [2026-05-27T08:28:12.116+0000] {dag.py:3954} INFO - Setting next_dagrun for produce_json to 2026-05-26 08:30:00+00:00, run_after=2026-05-27 08:30:00+00:00
[2026-05-27T08:28:12.134+0000] {processor.py:183} INFO - Processing /opt/airflow/dags/main.py took 0.173 seconds
[2026-05-27T08:28:42.340+0000] {processor.py:161} INFO - Started process (PID=780) to work on /opt/airflow/dags/main.py
[2026-05-27T08:28:42.342+0000] {processor.py:830} INFO - Processing file /opt/airflow/dags/main.py for tasks to queue
[2026-05-27T08:28:42.348+0000] {logging_mixin.py:188} INFO - [2026-05-27T08:28:42.346+0000] {dagbag.py:545} INFO - Filling up the DagBag from /opt/airflow/dags/main.py
[2026-05-27T08:28:42.399+0000] {processor.py:840} INFO - DAG(s) 'produce_json' retrieved from /opt/airflow/dags/main.py
[2026-05-27T08:28:42.432+0000] {logging_mixin.py:188} INFO - [2026-05-27T08:28:42.432+0000] {dag.py:3096} INFO - Sync 1 DAGs
[2026-05-27T08:28:42.454+0000] {logging_mixin.py:188} INFO - [2026-05-27T08:28:42.453+0000] {dag.py:3954} INFO - Setting next_dagrun for produce_json to 2026-05-26 08:30:00+00:00, run_after=2026-05-27 08:30:00+00:00
[2026-05-27T08:28:42.465+0000] {processor.py:183} INFO - Processing /opt/airflow/dags/main.py took 0.143 seconds
[2026-05-27T08:29:12.811+0000] {processor.py:161} INFO - Started process (PID=787) to work on /opt/airflow/dags/main.py
[2026-05-27T08:29:12.812+0000] {processor.py:830} INFO - Processing file /opt/airflow/dags/main.py for tasks to queue
[2026-05-27T08:29:12.815+0000] {logging_mixin.py:188} INFO - [2026-05-27T08:29:12.815+0000] {dagbag.py:545} INFO - Filling up the DagBag from /opt/airflow/dags/main.py
[2026-05-27T08:29:12.847+0000] {processor.py:840} INFO - DAG(s) 'produce_json' retrieved from /opt/airflow/dags/main.py
[2026-05-27T08:29:12.870+0000] {logging_mixin.py:188} INFO - [2026-05-27T08:29:12.870+0000] {dag.py:3096} INFO - Sync 1 DAGs
[2026-05-27T08:29:12.918+0000] {logging_mixin.py:188} INFO - [2026-05-27T08:29:12.918+0000] {dag.py:3954} INFO - Setting next_dagrun for produce_json to 2026-05-26 08:30:00+00:00, run_after=2026-05-27 08:30:00+00:00
[2026-05-27T08:29:12.932+0000] {processor.py:183} INFO - Processing /opt/airflow/dags/main.py took 0.134 seconds
[2026-05-27T08:29:43.746+0000] {processor.py:161} INFO - Started process (PID=794) to work on /opt/airflow/dags/main.py
[2026-05-27T08:29:43.748+0000] {processor.py:830} INFO - Processing file /opt/airflow/dags/main.py for tasks to queue
[2026-05-27T08:29:43.750+0000] {logging_mixin.py:188} INFO - [2026-05-27T08:29:43.750+0000] {dagbag.py:545} INFO - Filling up the DagBag from /opt/airflow/dags/main.py
[2026-05-27T08:29:43.784+0000] {processor.py:840} INFO - DAG(s) 'produce_json' retrieved from /opt/airflow/dags/main.py
[2026-05-27T08:29:43.813+0000] {logging_mixin.py:188} INFO - [2026-05-27T08:29:43.813+0000] {dag.py:3096} INFO - Sync 1 DAGs
[2026-05-27T08:29:43.831+0000] {logging_mixin.py:188} INFO - [2026-05-27T08:29:43.831+0000] {dag.py:3954} INFO - Setting next_dagrun for produce_json to 2026-05-26 08:30:00+00:00, run_after=2026-05-27 08:30:00+00:00
[2026-05-27T08:29:43.843+0000] {processor.py:183} INFO - Processing /opt/airflow/dags/main.py took 0.114 seconds
[2026-05-27T08:30:14.141+0000] {processor.py:161} INFO - Started process (PID=800) to work on /opt/airflow/dags/main.py
[2026-05-27T08:30:14.142+0000] {processor.py:830} INFO - Processing file /opt/airflow/dags/main.py for tasks to queue
[2026-05-27T08:30:14.146+0000] {logging_mixin.py:188} INFO - [2026-05-27T08:30:14.146+0000] {dagbag.py:545} INFO - Filling up the DagBag from /opt/airflow/dags/main.py
[2026-05-27T08:30:14.191+0000] {processor.py:840} INFO - DAG(s) 'produce_json' retrieved from /opt/airflow/dags/main.py
[2026-05-27T08:30:14.241+0000] {logging_mixin.py:188} INFO - [2026-05-27T08:30:14.241+0000] {dag.py:3096} INFO - Sync 1 DAGs
[2026-05-27T08:30:14.282+0000] {logging_mixin.py:188} INFO - [2026-05-27T08:30:14.282+0000] {dag.py:3954} INFO - Setting next_dagrun for produce_json to 2026-05-27 08:30:00+00:00, run_after=2026-05-28 08:30:00+00:00
[2026-05-27T08:30:14.303+0000] {processor.py:183} INFO - Processing /opt/airflow/dags/main.py took 0.177 seconds
[2026-05-27T08:45:36.529+0000] {processor.py:161} INFO - Started process (PID=806) to work on /opt/airflow/dags/main.py
[2026-05-27T08:45:36.531+0000] {processor.py:830} INFO - Processing file /opt/airflow/dags/main.py for tasks to queue
[2026-05-27T08:45:36.537+0000] {logging_mixin.py:188} INFO - [2026-05-27T08:45:36.536+0000] {dagbag.py:545} INFO - Filling up the DagBag from /opt/airflow/dags/main.py
[2026-05-27T08:45:36.586+0000] {processor.py:840} INFO - DAG(s) 'produce_json' retrieved from /opt/airflow/dags/main.py
[2026-05-27T08:45:36.626+0000] {logging_mixin.py:188} INFO - [2026-05-27T08:45:36.626+0000] {dag.py:3096} INFO - Sync 1 DAGs
[2026-05-27T08:45:36.642+0000] {logging_mixin.py:188} INFO - [2026-05-27T08:45:36.642+0000] {dag.py:3954} INFO - Setting next_dagrun for produce_json to 2026-05-27 08:30:00+00:00, run_after=2026-05-28 08:30:00+00:00
[2026-05-27T08:45:36.655+0000] {processor.py:183} INFO - Processing /opt/airflow/dags/main.py took 0.158 seconds
[2026-05-27T08:59:29.439+0000] {processor.py:161} INFO - Started process (PID=813) to work on /opt/airflow/dags/main.py
[2026-05-27T08:59:29.441+0000] {processor.py:830} INFO - Processing file /opt/airflow/dags/main.py for tasks to queue
[2026-05-27T08:59:29.444+0000] {logging_mixin.py:188} INFO - [2026-05-27T08:59:29.444+0000] {dagbag.py:545} INFO - Filling up the DagBag from /opt/airflow/dags/main.py
[2026-05-27T08:59:29.479+0000] {processor.py:840} INFO - DAG(s) 'produce_json' retrieved from /opt/airflow/dags/main.py
[2026-05-27T08:59:29.514+0000] {logging_mixin.py:188} INFO - [2026-05-27T08:59:29.513+0000] {dag.py:3096} INFO - Sync 1 DAGs
[2026-05-27T08:59:29.529+0000] {logging_mixin.py:188} INFO - [2026-05-27T08:59:29.529+0000] {dag.py:3954} INFO - Setting next_dagrun for produce_json to 2026-05-27 08:30:00+00:00, run_after=2026-05-28 08:30:00+00:00
[2026-05-27T08:59:29.540+0000] {processor.py:183} INFO - Processing /opt/airflow/dags/main.py took 0.115 seconds
[2026-05-27T09:05:37.043+0000] {processor.py:161} INFO - Started process (PID=820) to work on /opt/airflow/dags/main.py
[2026-05-27T09:05:37.080+0000] {processor.py:830} INFO - Processing file /opt/airflow/dags/main.py for tasks to queue
[2026-05-27T09:05:37.146+0000] {logging_mixin.py:188} INFO - [2026-05-27T09:05:37.145+0000] {dagbag.py:545} INFO - Filling up the DagBag from /opt/airflow/dags/main.py
[2026-05-27T09:05:37.405+0000] {processor.py:840} INFO - DAG(s) 'produce_json' retrieved from /opt/airflow/dags/main.py
[2026-05-27T09:05:37.693+0000] {logging_mixin.py:188} INFO - [2026-05-27T09:05:37.692+0000] {dag.py:3096} INFO - Sync 1 DAGs
[2026-05-27T09:05:37.935+0000] {logging_mixin.py:188} INFO - [2026-05-27T09:05:37.934+0000] {dag.py:3954} INFO - Setting next_dagrun for produce_json to 2026-05-27 08:30:00+00:00, run_after=2026-05-28 08:30:00+00:00
[2026-05-27T09:05:38.066+0000] {processor.py:183} INFO - Processing /opt/airflow/dags/main.py took 1.145 seconds
[2026-05-27T09:06:08.449+0000] {processor.py:161} INFO - Started process (PID=827) to work on /opt/airflow/dags/main.py
[2026-05-27T09:06:08.452+0000] {processor.py:830} INFO - Processing file /opt/airflow/dags/main.py for tasks to queue
[2026-05-27T09:06:08.457+0000] {logging_mixin.py:188} INFO - [2026-05-27T09:06:08.457+0000] {dagbag.py:545} INFO - Filling up the DagBag from /opt/airflow/dags/main.py
[2026-05-27T09:06:08.505+0000] {processor.py:840} INFO - DAG(s) 'produce_json' retrieved from /opt/airflow/dags/main.py
[2026-05-27T09:06:08.545+0000] {logging_mixin.py:188} INFO - [2026-05-27T09:06:08.544+0000] {dag.py:3096} INFO - Sync 1 DAGs
[2026-05-27T09:06:08.581+0000] {logging_mixin.py:188} INFO - [2026-05-27T09:06:08.581+0000] {dag.py:3954} INFO - Setting next_dagrun for produce_json to 2026-05-27 08:30:00+00:00, run_after=2026-05-28 08:30:00+00:00
[2026-05-27T09:06:08.600+0000] {processor.py:183} INFO - Processing /opt/airflow/dags/main.py took 0.173 seconds
[2026-05-27T10:20:37.397+0000] {processor.py:161} INFO - Started process (PID=834) to work on /opt/airflow/dags/main.py
[2026-05-27T10:20:37.400+0000] {processor.py:830} INFO - Processing file /opt/airflow/dags/main.py for tasks to queue
[2026-05-27T10:20:37.408+0000] {logging_mixin.py:188} INFO - [2026-05-27T10:20:37.408+0000] {dagbag.py:545} INFO - Filling up the DagBag from /opt/airflow/dags/main.py
[2026-05-27T10:20:37.475+0000] {processor.py:840} INFO - DAG(s) 'produce_json' retrieved from /opt/airflow/dags/main.py
[2026-05-27T10:20:37.538+0000] {logging_mixin.py:188} INFO - [2026-05-27T10:20:37.537+0000] {dag.py:3096} INFO - Sync 1 DAGs
[2026-05-27T10:20:37.561+0000] {logging_mixin.py:188} INFO - [2026-05-27T10:20:37.561+0000] {dag.py:3954} INFO - Setting next_dagrun for produce_json to 2026-05-27 08:30:00+00:00, run_after=2026-05-28 08:30:00+00:00
[2026-05-27T10:20:37.574+0000] {processor.py:183} INFO - Processing /opt/airflow/dags/main.py took 0.202 seconds
[2026-05-27T10:21:07.805+0000] {processor.py:161} INFO - Started process (PID=841) to work on /opt/airflow/dags/main.py
[2026-05-27T10:21:07.807+0000] {processor.py:830} INFO - Processing file /opt/airflow/dags/main.py for tasks to queue
[2026-05-27T10:21:07.810+0000] {logging_mixin.py:188} INFO - [2026-05-27T10:21:07.810+0000] {dagbag.py:545} INFO - Filling up the DagBag from /opt/airflow/dags/main.py
[2026-05-27T10:21:07.860+0000] {processor.py:840} INFO - DAG(s) 'produce_json' retrieved from /opt/airflow/dags/main.py
[2026-05-27T10:21:07.900+0000] {logging_mixin.py:188} INFO - [2026-05-27T10:21:07.900+0000] {dag.py:3096} INFO - Sync 1 DAGs
[2026-05-27T10:21:07.931+0000] {logging_mixin.py:188} INFO - [2026-05-27T10:21:07.931+0000] {dag.py:3954} INFO - Setting next_dagrun for produce_json to 2026-05-27 08:30:00+00:00, run_after=2026-05-28 08:30:00+00:00
[2026-05-27T10:21:07.946+0000] {processor.py:183} INFO - Processing /opt/airflow/dags/main.py took 0.162 seconds
[2026-05-27T10:28:30.405+0000] {processor.py:161} INFO - Started process (PID=848) to work on /opt/airflow/dags/main.py
[2026-05-27T10:28:30.420+0000] {processor.py:830} INFO - Processing file /opt/airflow/dags/main.py for tasks to queue
[2026-05-27T10:28:30.438+0000] {logging_mixin.py:188} INFO - [2026-05-27T10:28:30.436+0000] {dagbag.py:545} INFO - Filling up the DagBag from /opt/airflow/dags/main.py
[2026-05-27T10:28:30.548+0000] {processor.py:840} INFO - DAG(s) 'produce_json' retrieved from /opt/airflow/dags/main.py
[2026-05-27T10:28:30.688+0000] {logging_mixin.py:188} INFO - [2026-05-27T10:28:30.686+0000] {dag.py:3096} INFO - Sync 1 DAGs
[2026-05-27T10:28:30.767+0000] {logging_mixin.py:188} INFO - [2026-05-27T10:28:30.767+0000] {dag.py:3954} INFO - Setting next_dagrun for produce_json to 2026-05-27 08:30:00+00:00, run_after=2026-05-28 08:30:00+00:00
[2026-05-27T10:28:30.809+0000] {processor.py:183} INFO - Processing /opt/airflow/dags/main.py took 0.491 seconds
[2026-05-27T10:29:01.599+0000] {processor.py:161} INFO - Started process (PID=855) to work on /opt/airflow/dags/main.py
[2026-05-27T10:29:01.603+0000] {processor.py:830} INFO - Processing file /opt/airflow/dags/main.py for tasks to queue
[2026-05-27T10:29:01.613+0000] {logging_mixin.py:188} INFO - [2026-05-27T10:29:01.612+0000] {dagbag.py:545} INFO - Filling up the DagBag from /opt/airflow/dags/main.py
[2026-05-27T10:29:01.756+0000] {processor.py:840} INFO - DAG(s) 'produce_json' retrieved from /opt/airflow/dags/main.py
[2026-05-27T10:29:01.838+0000] {logging_mixin.py:188} INFO - [2026-05-27T10:29:01.837+0000] {dag.py:3096} INFO - Sync 1 DAGs
[2026-05-27T10:29:01.875+0000] {logging_mixin.py:188} INFO - [2026-05-27T10:29:01.875+0000] {dag.py:3954} INFO - Setting next_dagrun for produce_json to 2026-05-27 08:30:00+00:00, run_after=2026-05-28 08:30:00+00:00
[2026-05-27T10:29:01.901+0000] {processor.py:183} INFO - Processing /opt/airflow/dags/main.py took 0.336 seconds
[2026-05-27T10:29:32.243+0000] {processor.py:161} INFO - Started process (PID=862) to work on /opt/airflow/dags/main.py
[2026-05-27T10:29:32.253+0000] {processor.py:830} INFO - Processing file /opt/airflow/dags/main.py for tasks to queue
[2026-05-27T10:29:32.269+0000] {logging_mixin.py:188} INFO - [2026-05-27T10:29:32.268+0000] {dagbag.py:545} INFO - Filling up the DagBag from /opt/airflow/dags/main.py
[2026-05-27T10:29:32.379+0000] {processor.py:840} INFO - DAG(s) 'produce_json' retrieved from /opt/airflow/dags/main.py
[2026-05-27T10:29:32.446+0000] {logging_mixin.py:188} INFO - [2026-05-27T10:29:32.446+0000] {dag.py:3096} INFO - Sync 1 DAGs
[2026-05-27T10:29:32.479+0000] {logging_mixin.py:188} INFO - [2026-05-27T10:29:32.479+0000] {dag.py:3954} INFO - Setting next_dagrun for produce_json to 2026-05-27 08:30:00+00:00, run_after=2026-05-28 08:30:00+00:00
[2026-05-27T10:29:32.502+0000] {processor.py:183} INFO - Processing /opt/airflow/dags/main.py took 0.286 seconds
[2026-05-27T10:30:02.831+0000] {processor.py:161} INFO - Started process (PID=869) to work on /opt/airflow/dags/main.py
[2026-05-27T10:30:02.834+0000] {processor.py:830} INFO - Processing file /opt/airflow/dags/main.py for tasks to queue
[2026-05-27T10:30:02.837+0000] {logging_mixin.py:188} INFO - [2026-05-27T10:30:02.837+0000] {dagbag.py:545} INFO - Filling up the DagBag from /opt/airflow/dags/main.py
[2026-05-27T10:30:02.880+0000] {processor.py:840} INFO - DAG(s) 'produce_json' retrieved from /opt/airflow/dags/main.py
[2026-05-27T10:30:02.919+0000] {logging_mixin.py:188} INFO - [2026-05-27T10:30:02.918+0000] {dag.py:3096} INFO - Sync 1 DAGs
[2026-05-27T10:30:02.945+0000] {logging_mixin.py:188} INFO - [2026-05-27T10:30:02.944+0000] {dag.py:3954} INFO - Setting next_dagrun for produce_json to 2026-05-27 08:30:00+00:00, run_after=2026-05-28 08:30:00+00:00
[2026-05-27T10:30:02.957+0000] {processor.py:183} INFO - Processing /opt/airflow/dags/main.py took 0.141 seconds
[2026-05-27T10:30:33.490+0000] {processor.py:161} INFO - Started process (PID=876) to work on /opt/airflow/dags/main.py
[2026-05-27T10:30:33.494+0000] {processor.py:830} INFO - Processing file /opt/airflow/dags/main.py for tasks to queue
[2026-05-27T10:30:33.498+0000] {logging_mixin.py:188} INFO - [2026-05-27T10:30:33.497+0000] {dagbag.py:545} INFO - Filling up the DagBag from /opt/airflow/dags/main.py
[2026-05-27T10:30:33.541+0000] {processor.py:840} INFO - DAG(s) 'produce_json' retrieved from /opt/airflow/dags/main.py
[2026-05-27T10:30:33.574+0000] {logging_mixin.py:188} INFO - [2026-05-27T10:30:33.574+0000] {dag.py:3096} INFO - Sync 1 DAGs
[2026-05-27T10:30:33.595+0000] {logging_mixin.py:188} INFO - [2026-05-27T10:30:33.595+0000] {dag.py:3954} INFO - Setting next_dagrun for produce_json to 2026-05-27 08:30:00+00:00, run_after=2026-05-28 08:30:00+00:00
[2026-05-27T10:30:33.607+0000] {processor.py:183} INFO - Processing /opt/airflow/dags/main.py took 0.135 seconds
[2026-05-27T10:31:04.010+0000] {processor.py:161} INFO - Started process (PID=883) to work on /opt/airflow/dags/main.py
[2026-05-27T10:31:04.014+0000] {processor.py:830} INFO - Processing file /opt/airflow/dags/main.py for tasks to queue
[2026-05-27T10:31:04.021+0000] {logging_mixin.py:188} INFO - [2026-05-27T10:31:04.020+0000] {dagbag.py:545} INFO - Filling up the DagBag from /opt/airflow/dags/main.py
[2026-05-27T10:31:04.068+0000] {processor.py:840} INFO - DAG(s) 'produce_json' retrieved from /opt/airflow/dags/main.py
[2026-05-27T10:31:04.105+0000] {logging_mixin.py:188} INFO - [2026-05-27T10:31:04.105+0000] {dag.py:3096} INFO - Sync 1 DAGs
[2026-05-27T10:31:04.123+0000] {logging_mixin.py:188} INFO - [2026-05-27T10:31:04.123+0000] {dag.py:3954} INFO - Setting next_dagrun for produce_json to 2026-05-27 08:30:00+00:00, run_after=2026-05-28 08:30:00+00:00
[2026-05-27T10:31:04.136+0000] {processor.py:183} INFO - Processing /opt/airflow/dags/main.py took 0.144 seconds
[2026-05-27T10:31:34.527+0000] {processor.py:161} INFO - Started process (PID=890) to work on /opt/airflow/dags/main.py
[2026-05-27T10:31:34.528+0000] {processor.py:830} INFO - Processing file /opt/airflow/dags/main.py for tasks to queue
[2026-05-27T10:31:34.532+0000] {logging_mixin.py:188} INFO - [2026-05-27T10:31:34.531+0000] {dagbag.py:545} INFO - Filling up the DagBag from /opt/airflow/dags/main.py
[2026-05-27T10:31:34.577+0000] {processor.py:840} INFO - DAG(s) 'produce_json' retrieved from /opt/airflow/dags/main.py
[2026-05-27T10:31:34.612+0000] {logging_mixin.py:188} INFO - [2026-05-27T10:31:34.612+0000] {dag.py:3096} INFO - Sync 1 DAGs
[2026-05-27T10:31:34.637+0000] {logging_mixin.py:188} INFO - [2026-05-27T10:31:34.637+0000] {dag.py:3954} INFO - Setting next_dagrun for produce_json to 2026-05-27 08:30:00+00:00, run_after=2026-05-28 08:30:00+00:00
[2026-05-27T10:31:34.647+0000] {processor.py:183} INFO - Processing /opt/airflow/dags/main.py took 0.134 seconds
[2026-05-27T10:32:05.068+0000] {processor.py:161} INFO - Started process (PID=897) to work on /opt/airflow/dags/main.py
[2026-05-27T10:32:05.073+0000] {processor.py:830} INFO - Processing file /opt/airflow/dags/main.py for tasks to queue
[2026-05-27T10:32:05.076+0000] {logging_mixin.py:188} INFO - [2026-05-27T10:32:05.076+0000] {dagbag.py:545} INFO - Filling up the DagBag from /opt/airflow/dags/main.py
[2026-05-27T10:32:05.123+0000] {processor.py:840} INFO - DAG(s) 'produce_json' retrieved from /opt/airflow/dags/main.py
[2026-05-27T10:32:05.160+0000] {logging_mixin.py:188} INFO - [2026-05-27T10:32:05.160+0000] {dag.py:3096} INFO - Sync 1 DAGs
[2026-05-27T10:32:05.184+0000] {logging_mixin.py:188} INFO - [2026-05-27T10:32:05.184+0000] {dag.py:3954} INFO - Setting next_dagrun for produce_json to 2026-05-27 08:30:00+00:00, run_after=2026-05-28 08:30:00+00:00
[2026-05-27T10:32:05.200+0000] {processor.py:183} INFO - Processing /opt/airflow/dags/main.py took 0.148 seconds
[2026-05-27T10:32:35.579+0000] {processor.py:161} INFO - Started process (PID=904) to work on /opt/airflow/dags/main.py
[2026-05-27T10:32:35.580+0000] {processor.py:830} INFO - Processing file /opt/airflow/dags/main.py for tasks to queue
[2026-05-27T10:32:35.587+0000] {logging_mixin.py:188} INFO - [2026-05-27T10:32:35.586+0000] {dagbag.py:545} INFO - Filling up the DagBag from /opt/airflow/dags/main.py
[2026-05-27T10:32:35.632+0000] {processor.py:840} INFO - DAG(s) 'produce_json' retrieved from /opt/airflow/dags/main.py
[2026-05-27T10:32:35.656+0000] {logging_mixin.py:188} INFO - [2026-05-27T10:32:35.656+0000] {dag.py:3096} INFO - Sync 1 DAGs
[2026-05-27T10:32:35.670+0000] {logging_mixin.py:188} INFO - [2026-05-27T10:32:35.670+0000] {dag.py:3954} INFO - Setting next_dagrun for produce_json to 2026-05-27 08:30:00+00:00, run_after=2026-05-28 08:30:00+00:00
[2026-05-27T10:32:35.682+0000] {processor.py:183} INFO - Processing /opt/airflow/dags/main.py took 0.114 seconds
[2026-05-27T10:33:05.975+0000] {processor.py:161} INFO - Started process (PID=911) to work on /opt/airflow/dags/main.py
[2026-05-27T10:33:05.977+0000] {processor.py:830} INFO - Processing file /opt/airflow/dags/main.py for tasks to queue
[2026-05-27T10:33:05.980+0000] {logging_mixin.py:188} INFO - [2026-05-27T10:33:05.980+0000] {dagbag.py:545} INFO - Filling up the DagBag from /opt/airflow/dags/main.py
[2026-05-27T10:33:06.015+0000] {processor.py:840} INFO - DAG(s) 'produce_json' retrieved from /opt/airflow/dags/main.py
[2026-05-27T10:33:06.060+0000] {logging_mixin.py:188} INFO - [2026-05-27T10:33:06.059+0000] {dag.py:3096} INFO - Sync 1 DAGs
[2026-05-27T10:33:06.083+0000] {logging_mixin.py:188} INFO - [2026-05-27T10:33:06.083+0000] {dag.py:3954} INFO - Setting next_dagrun for produce_json to 2026-05-27 08:30:00+00:00, run_after=2026-05-28 08:30:00+00:00
[2026-05-27T10:33:06.097+0000] {processor.py:183} INFO - Processing /opt/airflow/dags/main.py took 0.138 seconds
[2026-05-27T10:33:36.509+0000] {processor.py:161} INFO - Started process (PID=918) to work on /opt/airflow/dags/main.py
[2026-05-27T10:33:36.511+0000] {processor.py:830} INFO - Processing file /opt/airflow/dags/main.py for tasks to queue
[2026-05-27T10:33:36.514+0000] {logging_mixin.py:188} INFO - [2026-05-27T10:33:36.514+0000] {dagbag.py:545} INFO - Filling up the DagBag from /opt/airflow/dags/main.py
[2026-05-27T10:33:36.550+0000] {processor.py:840} INFO - DAG(s) 'produce_json' retrieved from /opt/airflow/dags/main.py
[2026-05-27T10:33:36.579+0000] {logging_mixin.py:188} INFO - [2026-05-27T10:33:36.579+0000] {dag.py:3096} INFO - Sync 1 DAGs
[2026-05-27T10:33:36.609+0000] {logging_mixin.py:188} INFO - [2026-05-27T10:33:36.609+0000] {dag.py:3954} INFO - Setting next_dagrun for produce_json to 2026-05-27 08:30:00+00:00, run_after=2026-05-28 08:30:00+00:00
[2026-05-27T10:33:36.625+0000] {processor.py:183} INFO - Processing /opt/airflow/dags/main.py took 0.127 seconds
[2026-05-27T10:34:07.123+0000] {processor.py:161} INFO - Started process (PID=926) to work on /opt/airflow/dags/main.py
[2026-05-27T10:34:07.126+0000] {processor.py:830} INFO - Processing file /opt/airflow/dags/main.py for tasks to queue
[2026-05-27T10:34:07.129+0000] {logging_mixin.py:188} INFO - [2026-05-27T10:34:07.129+0000] {dagbag.py:545} INFO - Filling up the DagBag from /opt/airflow/dags/main.py
[2026-05-27T10:34:07.176+0000] {processor.py:840} INFO - DAG(s) 'produce_json' retrieved from /opt/airflow/dags/main.py
[2026-05-27T10:34:07.217+0000] {logging_mixin.py:188} INFO - [2026-05-27T10:34:07.217+0000] {dag.py:3096} INFO - Sync 1 DAGs
[2026-05-27T10:34:07.239+0000] {logging_mixin.py:188} INFO - [2026-05-27T10:34:07.239+0000] {dag.py:3954} INFO - Setting next_dagrun for produce_json to 2026-05-27 08:30:00+00:00, run_after=2026-05-28 08:30:00+00:00
[2026-05-27T10:34:07.253+0000] {processor.py:183} INFO - Processing /opt/airflow/dags/main.py took 0.146 seconds
[2026-05-27T10:34:37.680+0000] {processor.py:161} INFO - Started process (PID=933) to work on /opt/airflow/dags/main.py
[2026-05-27T10:34:37.681+0000] {processor.py:830} INFO - Processing file /opt/airflow/dags/main.py for tasks to queue
[2026-05-27T10:34:37.689+0000] {logging_mixin.py:188} INFO - [2026-05-27T10:34:37.688+0000] {dagbag.py:545} INFO - Filling up the DagBag from /opt/airflow/dags/main.py
[2026-05-27T10:34:37.735+0000] {processor.py:840} INFO - DAG(s) 'produce_json' retrieved from /opt/airflow/dags/main.py
[2026-05-27T10:34:37.794+0000] {logging_mixin.py:188} INFO - [2026-05-27T10:34:37.794+0000] {dag.py:3096} INFO - Sync 1 DAGs
[2026-05-27T10:34:37.816+0000] {logging_mixin.py:188} INFO - [2026-05-27T10:34:37.816+0000] {dag.py:3954} INFO - Setting next_dagrun for produce_json to 2026-05-27 08:30:00+00:00, run_after=2026-05-28 08:30:00+00:00
[2026-05-27T10:34:37.826+0000] {processor.py:183} INFO - Processing /opt/airflow/dags/main.py took 0.163 seconds
[2026-05-27T10:35:08.116+0000] {processor.py:161} INFO - Started process (PID=940) to work on /opt/airflow/dags/main.py
[2026-05-27T10:35:08.118+0000] {processor.py:830} INFO - Processing file /opt/airflow/dags/main.py for tasks to queue
[2026-05-27T10:35:08.125+0000] {logging_mixin.py:188} INFO - [2026-05-27T10:35:08.124+0000] {dagbag.py:545} INFO - Filling up the DagBag from /opt/airflow/dags/main.py
[2026-05-27T10:35:08.171+0000] {processor.py:840} INFO - DAG(s) 'produce_json' retrieved from /opt/airflow/dags/main.py
[2026-05-27T10:35:08.211+0000] {logging_mixin.py:188} INFO - [2026-05-27T10:35:08.211+0000] {dag.py:3096} INFO - Sync 1 DAGs
[2026-05-27T10:35:08.229+0000] {logging_mixin.py:188} INFO - [2026-05-27T10:35:08.229+0000] {dag.py:3954} INFO - Setting next_dagrun for produce_json to 2026-05-27 08:30:00+00:00, run_after=2026-05-28 08:30:00+00:00
[2026-05-27T10:35:08.244+0000] {processor.py:183} INFO - Processing /opt/airflow/dags/main.py took 0.141 seconds
[2026-05-27T10:35:38.616+0000] {processor.py:161} INFO - Started process (PID=947) to work on /opt/airflow/dags/main.py
[2026-05-27T10:35:38.618+0000] {processor.py:830} INFO - Processing file /opt/airflow/dags/main.py for tasks to queue
[2026-05-27T10:35:38.627+0000] {logging_mixin.py:188} INFO - [2026-05-27T10:35:38.627+0000] {dagbag.py:545} INFO - Filling up the DagBag from /opt/airflow/dags/main.py
[2026-05-27T10:35:38.673+0000] {processor.py:840} INFO - DAG(s) 'produce_json' retrieved from /opt/airflow/dags/main.py
[2026-05-27T10:35:38.718+0000] {logging_mixin.py:188} INFO - [2026-05-27T10:35:38.718+0000] {dag.py:3096} INFO - Sync 1 DAGs
[2026-05-27T10:35:38.739+0000] {logging_mixin.py:188} INFO - [2026-05-27T10:35:38.739+0000] {dag.py:3954} INFO - Setting next_dagrun for produce_json to 2026-05-27 08:30:00+00:00, run_after=2026-05-28 08:30:00+00:00
[2026-05-27T10:35:38.753+0000] {processor.py:183} INFO - Processing /opt/airflow/dags/main.py took 0.157 seconds
[2026-05-27T10:36:09.166+0000] {processor.py:161} INFO - Started process (PID=954) to work on /opt/airflow/dags/main.py
[2026-05-27T10:36:09.171+0000] {processor.py:830} INFO - Processing file /opt/airflow/dags/main.py for tasks to queue
[2026-05-27T10:36:09.173+0000] {logging_mixin.py:188} INFO - [2026-05-27T10:36:09.173+0000] {dagbag.py:545} INFO - Filling up the DagBag from /opt/airflow/dags/main.py
[2026-05-27T10:36:09.221+0000] {processor.py:840} INFO - DAG(s) 'produce_json' retrieved from /opt/airflow/dags/main.py
[2026-05-27T10:36:09.256+0000] {logging_mixin.py:188} INFO - [2026-05-27T10:36:09.256+0000] {dag.py:3096} INFO - Sync 1 DAGs
[2026-05-27T10:36:09.285+0000] {logging_mixin.py:188} INFO - [2026-05-27T10:36:09.285+0000] {dag.py:3954} INFO - Setting next_dagrun for produce_json to 2026-05-27 08:30:00+00:00, run_after=2026-05-28 08:30:00+00:00
[2026-05-27T10:36:09.297+0000] {processor.py:183} INFO - Processing /opt/airflow/dags/main.py took 0.147 seconds
[2026-05-27T10:36:39.665+0000] {processor.py:161} INFO - Started process (PID=961) to work on /opt/airflow/dags/main.py
[2026-05-27T10:36:39.673+0000] {processor.py:830} INFO - Processing file /opt/airflow/dags/main.py for tasks to queue
[2026-05-27T10:36:39.679+0000] {logging_mixin.py:188} INFO - [2026-05-27T10:36:39.679+0000] {dagbag.py:545} INFO - Filling up the DagBag from /opt/airflow/dags/main.py
[2026-05-27T10:36:39.723+0000] {processor.py:840} INFO - DAG(s) 'produce_json' retrieved from /opt/airflow/dags/main.py
[2026-05-27T10:36:39.776+0000] {logging_mixin.py:188} INFO - [2026-05-27T10:36:39.776+0000] {dag.py:3096} INFO - Sync 1 DAGs
[2026-05-27T10:36:39.793+0000] {logging_mixin.py:188} INFO - [2026-05-27T10:36:39.793+0000] {dag.py:3954} INFO - Setting next_dagrun for produce_json to 2026-05-27 08:30:00+00:00, run_after=2026-05-28 08:30:00+00:00
[2026-05-27T10:36:39.807+0000] {processor.py:183} INFO - Processing /opt/airflow/dags/main.py took 0.158 seconds
[2026-05-27T10:37:10.185+0000] {processor.py:161} INFO - Started process (PID=968) to work on /opt/airflow/dags/main.py
[2026-05-27T10:37:10.187+0000] {processor.py:830} INFO - Processing file /opt/airflow/dags/main.py for tasks to queue
[2026-05-27T10:37:10.191+0000] {logging_mixin.py:188} INFO - [2026-05-27T10:37:10.190+0000] {dagbag.py:545} INFO - Filling up the DagBag from /opt/airflow/dags/main.py
[2026-05-27T10:37:10.230+0000] {processor.py:840} INFO - DAG(s) 'produce_json' retrieved from /opt/airflow/dags/main.py
[2026-05-27T10:37:10.273+0000] {logging_mixin.py:188} INFO - [2026-05-27T10:37:10.273+0000] {dag.py:3096} INFO - Sync 1 DAGs
[2026-05-27T10:37:10.297+0000] {logging_mixin.py:188} INFO - [2026-05-27T10:37:10.297+0000] {dag.py:3954} INFO - Setting next_dagrun for produce_json to 2026-05-27 08:30:00+00:00, run_after=2026-05-28 08:30:00+00:00
[2026-05-27T10:37:10.308+0000] {processor.py:183} INFO - Processing /opt/airflow/dags/main.py took 0.134 seconds
[2026-05-27T10:37:40.588+0000] {processor.py:161} INFO - Started process (PID=975) to work on /opt/airflow/dags/main.py
[2026-05-27T10:37:40.592+0000] {processor.py:830} INFO - Processing file /opt/airflow/dags/main.py for tasks to queue
[2026-05-27T10:37:40.600+0000] {logging_mixin.py:188} INFO - [2026-05-27T10:37:40.599+0000] {dagbag.py:545} INFO - Filling up the DagBag from /opt/airflow/dags/main.py
[2026-05-27T10:37:40.655+0000] {processor.py:840} INFO - DAG(s) 'produce_json' retrieved from /opt/airflow/dags/main.py
[2026-05-27T10:37:40.699+0000] {logging_mixin.py:188} INFO - [2026-05-27T10:37:40.699+0000] {dag.py:3096} INFO - Sync 1 DAGs
[2026-05-27T10:37:40.723+0000] {logging_mixin.py:188} INFO - [2026-05-27T10:37:40.723+0000] {dag.py:3954} INFO - Setting next_dagrun for produce_json to 2026-05-27 08:30:00+00:00, run_after=2026-05-28 08:30:00+00:00
[2026-05-27T10:37:40.738+0000] {processor.py:183} INFO - Processing /opt/airflow/dags/main.py took 0.167 seconds
[2026-05-27T10:38:11.127+0000] {processor.py:161} INFO - Started process (PID=982) to work on /opt/airflow/dags/main.py
[2026-05-27T10:38:11.131+0000] {processor.py:830} INFO - Processing file /opt/airflow/dags/main.py for tasks to queue
[2026-05-27T10:38:11.137+0000] {logging_mixin.py:188} INFO - [2026-05-27T10:38:11.136+0000] {dagbag.py:545} INFO - Filling up the DagBag from /opt/airflow/dags/main.py
[2026-05-27T10:38:11.188+0000] {processor.py:840} INFO - DAG(s) 'produce_json' retrieved from /opt/airflow/dags/main.py
[2026-05-27T10:38:11.232+0000] {logging_mixin.py:188} INFO - [2026-05-27T10:38:11.232+0000] {dag.py:3096} INFO - Sync 1 DAGs
[2026-05-27T10:38:11.250+0000] {logging_mixin.py:188} INFO - [2026-05-27T10:38:11.250+0000] {dag.py:3954} INFO - Setting next_dagrun for produce_json to 2026-05-27 08:30:00+00:00, run_after=2026-05-28 08:30:00+00:00
[2026-05-27T10:38:11.285+0000] {processor.py:183} INFO - Processing /opt/airflow/dags/main.py took 0.174 seconds
